running egg_info
creating ../../build/doa/doa.egg-info
writing ../../build/doa/doa.egg-info/PKG-INFO
writing dependency_links to ../../build/doa/doa.egg-info/dependency_links.txt
writing entry points to ../../build/doa/doa.egg-info/entry_points.txt
writing requirements to ../../build/doa/doa.egg-info/requires.txt
writing top-level names to ../../build/doa/doa.egg-info/top_level.txt
writing manifest file '../../build/doa/doa.egg-info/SOURCES.txt'
reading manifest file '../../build/doa/doa.egg-info/SOURCES.txt'
writing manifest file '../../build/doa/doa.egg-info/SOURCES.txt'
running build
running build_py
creating /home/eragond/Documents/Robotica/DOA/build/doa/build
creating /home/eragond/Documents/Robotica/DOA/build/doa/build/lib
creating /home/eragond/Documents/Robotica/DOA/build/doa/build/lib/doa
copying doa/doa_action_client.py -> /home/eragond/Documents/Robotica/DOA/build/doa/build/lib/doa
copying doa/__init__.py -> /home/eragond/Documents/Robotica/DOA/build/doa/build/lib/doa
copying doa/tuning.py -> /home/eragond/Documents/Robotica/DOA/build/doa/build/lib/doa
copying doa/doa_action_server.py -> /home/eragond/Documents/Robotica/DOA/build/doa/build/lib/doa
running install
running install_lib
creating /home/eragond/Documents/Robotica/DOA/install/doa/lib/python3.8/site-packages/doa
copying /home/eragond/Documents/Robotica/DOA/build/doa/build/lib/doa/doa_action_client.py -> /home/eragond/Documents/Robotica/DOA/install/doa/lib/python3.8/site-packages/doa
copying /home/eragond/Documents/Robotica/DOA/build/doa/build/lib/doa/__init__.py -> /home/eragond/Documents/Robotica/DOA/install/doa/lib/python3.8/site-packages/doa
copying /home/eragond/Documents/Robotica/DOA/build/doa/build/lib/doa/tuning.py -> /home/eragond/Documents/Robotica/DOA/install/doa/lib/python3.8/site-packages/doa
copying /home/eragond/Documents/Robotica/DOA/build/doa/build/lib/doa/doa_action_server.py -> /home/eragond/Documents/Robotica/DOA/install/doa/lib/python3.8/site-packages/doa
byte-compiling /home/eragond/Documents/Robotica/DOA/install/doa/lib/python3.8/site-packages/doa/doa_action_client.py to doa_action_client.cpython-38.pyc
byte-compiling /home/eragond/Documents/Robotica/DOA/install/doa/lib/python3.8/site-packages/doa/__init__.py to __init__.cpython-38.pyc
byte-compiling /home/eragond/Documents/Robotica/DOA/install/doa/lib/python3.8/site-packages/doa/tuning.py to tuning.cpython-38.pyc
byte-compiling /home/eragond/Documents/Robotica/DOA/install/doa/lib/python3.8/site-packages/doa/doa_action_server.py to doa_action_server.cpython-38.pyc
running install_data
creating /home/eragond/Documents/Robotica/DOA/install/doa/share/ament_index
creating /home/eragond/Documents/Robotica/DOA/install/doa/share/ament_index/resource_index
creating /home/eragond/Documents/Robotica/DOA/install/doa/share/ament_index/resource_index/packages
copying resource/doa -> /home/eragond/Documents/Robotica/DOA/install/doa/share/ament_index/resource_index/packages
copying package.xml -> /home/eragond/Documents/Robotica/DOA/install/doa/share/doa
running install_egg_info
Copying ../../build/doa/doa.egg-info to /home/eragond/Documents/Robotica/DOA/install/doa/lib/python3.8/site-packages/doa-0.0.0-py3.8.egg-info
running install_scripts
Installing client script to /home/eragond/Documents/Robotica/DOA/install/doa/lib/doa
Installing server script to /home/eragond/Documents/Robotica/DOA/install/doa/lib/doa
writing list of installed files to '/home/eragond/Documents/Robotica/DOA/build/doa/install.log'
