[2.168s] Invoking command in '/home/eragond/Documents/Robotica/DOA/src/doa': PYTHONPATH=/home/eragond/Documents/Robotica/DOA/build/doa/prefix_override:/home/eragond/Documents/Robotica/DOA/install/doa/lib/python3.8/site-packages:${PYTHONPATH} /usr/bin/python3 setup.py egg_info --egg-base ../../build/doa build --build-base /home/eragond/Documents/Robotica/DOA/build/doa/build install --record /home/eragond/Documents/Robotica/DOA/build/doa/install.log --install-scripts $base/lib/doa --single-version-externally-managed
[2.879s] running egg_info
[2.881s] creating ../../build/doa/doa.egg-info
[2.881s] writing ../../build/doa/doa.egg-info/PKG-INFO
[2.882s] writing dependency_links to ../../build/doa/doa.egg-info/dependency_links.txt
[2.882s] writing entry points to ../../build/doa/doa.egg-info/entry_points.txt
[2.883s] writing requirements to ../../build/doa/doa.egg-info/requires.txt
[2.883s] writing top-level names to ../../build/doa/doa.egg-info/top_level.txt
[2.886s] writing manifest file '../../build/doa/doa.egg-info/SOURCES.txt'
[2.994s] reading manifest file '../../build/doa/doa.egg-info/SOURCES.txt'
[2.998s] writing manifest file '../../build/doa/doa.egg-info/SOURCES.txt'
[2.998s] running build
[2.998s] running build_py
[2.999s] creating /home/eragond/Documents/Robotica/DOA/build/doa/build
[2.999s] creating /home/eragond/Documents/Robotica/DOA/build/doa/build/lib
[2.999s] creating /home/eragond/Documents/Robotica/DOA/build/doa/build/lib/doa
[3.000s] copying doa/doa_action_client.py -> /home/eragond/Documents/Robotica/DOA/build/doa/build/lib/doa
[3.000s] copying doa/__init__.py -> /home/eragond/Documents/Robotica/DOA/build/doa/build/lib/doa
[3.000s] copying doa/tuning.py -> /home/eragond/Documents/Robotica/DOA/build/doa/build/lib/doa
[3.000s] copying doa/doa_action_server.py -> /home/eragond/Documents/Robotica/DOA/build/doa/build/lib/doa
[3.001s] running install
[3.001s] running install_lib
[3.004s] creating /home/eragond/Documents/Robotica/DOA/install/doa/lib/python3.8/site-packages/doa
[3.005s] copying /home/eragond/Documents/Robotica/DOA/build/doa/build/lib/doa/doa_action_client.py -> /home/eragond/Documents/Robotica/DOA/install/doa/lib/python3.8/site-packages/doa
[3.005s] copying /home/eragond/Documents/Robotica/DOA/build/doa/build/lib/doa/__init__.py -> /home/eragond/Documents/Robotica/DOA/install/doa/lib/python3.8/site-packages/doa
[3.005s] copying /home/eragond/Documents/Robotica/DOA/build/doa/build/lib/doa/tuning.py -> /home/eragond/Documents/Robotica/DOA/install/doa/lib/python3.8/site-packages/doa
[3.006s] copying /home/eragond/Documents/Robotica/DOA/build/doa/build/lib/doa/doa_action_server.py -> /home/eragond/Documents/Robotica/DOA/install/doa/lib/python3.8/site-packages/doa
[3.007s] byte-compiling /home/eragond/Documents/Robotica/DOA/install/doa/lib/python3.8/site-packages/doa/doa_action_client.py to doa_action_client.cpython-38.pyc
[3.012s] byte-compiling /home/eragond/Documents/Robotica/DOA/install/doa/lib/python3.8/site-packages/doa/__init__.py to __init__.cpython-38.pyc
[3.012s] byte-compiling /home/eragond/Documents/Robotica/DOA/install/doa/lib/python3.8/site-packages/doa/tuning.py to tuning.cpython-38.pyc
[3.019s] byte-compiling /home/eragond/Documents/Robotica/DOA/install/doa/lib/python3.8/site-packages/doa/doa_action_server.py to doa_action_server.cpython-38.pyc
[3.020s] running install_data
[3.022s] creating /home/eragond/Documents/Robotica/DOA/install/doa/share/ament_index
[3.023s] creating /home/eragond/Documents/Robotica/DOA/install/doa/share/ament_index/resource_index
[3.023s] creating /home/eragond/Documents/Robotica/DOA/install/doa/share/ament_index/resource_index/packages
[3.023s] copying resource/doa -> /home/eragond/Documents/Robotica/DOA/install/doa/share/ament_index/resource_index/packages
[3.024s] copying package.xml -> /home/eragond/Documents/Robotica/DOA/install/doa/share/doa
[3.024s] running install_egg_info
[3.027s] Copying ../../build/doa/doa.egg-info to /home/eragond/Documents/Robotica/DOA/install/doa/lib/python3.8/site-packages/doa-0.0.0-py3.8.egg-info
[3.030s] running install_scripts
[3.076s] Installing client script to /home/eragond/Documents/Robotica/DOA/install/doa/lib/doa
[3.076s] Installing server script to /home/eragond/Documents/Robotica/DOA/install/doa/lib/doa
[3.077s] writing list of installed files to '/home/eragond/Documents/Robotica/DOA/build/doa/install.log'
[3.143s] Invoked command in '/home/eragond/Documents/Robotica/DOA/src/doa' returned '0': PYTHONPATH=/home/eragond/Documents/Robotica/DOA/build/doa/prefix_override:/home/eragond/Documents/Robotica/DOA/install/doa/lib/python3.8/site-packages:${PYTHONPATH} /usr/bin/python3 setup.py egg_info --egg-base ../../build/doa build --build-base /home/eragond/Documents/Robotica/DOA/build/doa/build install --record /home/eragond/Documents/Robotica/DOA/build/doa/install.log --install-scripts $base/lib/doa --single-version-externally-managed
