[2.626s] Invoking command in '/home/eragond/Documents/Robotica/DOAActionService/src/doa': PYTHONPATH=/home/eragond/Documents/Robotica/DOAActionService/build/doa/prefix_override:/home/eragond/Documents/Robotica/DOAActionService/install/doa/lib/python3.8/site-packages:${PYTHONPATH} /usr/bin/python3 setup.py egg_info --egg-base ../../build/doa build --build-base /home/eragond/Documents/Robotica/DOAActionService/build/doa/build install --record /home/eragond/Documents/Robotica/DOAActionService/build/doa/install.log --install-scripts $base/lib/doa --single-version-externally-managed
[3.413s] running egg_info
[3.414s] creating ../../build/doa/doa.egg-info
[3.415s] writing ../../build/doa/doa.egg-info/PKG-INFO
[3.415s] writing dependency_links to ../../build/doa/doa.egg-info/dependency_links.txt
[3.417s] writing entry points to ../../build/doa/doa.egg-info/entry_points.txt
[3.417s] writing requirements to ../../build/doa/doa.egg-info/requires.txt
[3.418s] writing top-level names to ../../build/doa/doa.egg-info/top_level.txt
[3.426s] writing manifest file '../../build/doa/doa.egg-info/SOURCES.txt'
[3.540s] reading manifest file '../../build/doa/doa.egg-info/SOURCES.txt'
[3.543s] writing manifest file '../../build/doa/doa.egg-info/SOURCES.txt'
[3.543s] running build
[3.546s] running build_py
[3.546s] creating /home/eragond/Documents/Robotica/DOAActionService/build/doa/build
[3.547s] creating /home/eragond/Documents/Robotica/DOAActionService/build/doa/build/lib
[3.547s] creating /home/eragond/Documents/Robotica/DOAActionService/build/doa/build/lib/doa
[3.547s] copying doa/doa_action_client.py -> /home/eragond/Documents/Robotica/DOAActionService/build/doa/build/lib/doa
[3.548s] copying doa/__init__.py -> /home/eragond/Documents/Robotica/DOAActionService/build/doa/build/lib/doa
[3.548s] copying doa/tuning.py -> /home/eragond/Documents/Robotica/DOAActionService/build/doa/build/lib/doa
[3.549s] copying doa/doa_action_server.py -> /home/eragond/Documents/Robotica/DOAActionService/build/doa/build/lib/doa
[3.549s] running install
[3.549s] running install_lib
[3.552s] creating /home/eragond/Documents/Robotica/DOAActionService/install/doa/lib/python3.8/site-packages/doa
[3.552s] copying /home/eragond/Documents/Robotica/DOAActionService/build/doa/build/lib/doa/doa_action_client.py -> /home/eragond/Documents/Robotica/DOAActionService/install/doa/lib/python3.8/site-packages/doa
[3.554s] copying /home/eragond/Documents/Robotica/DOAActionService/build/doa/build/lib/doa/__init__.py -> /home/eragond/Documents/Robotica/DOAActionService/install/doa/lib/python3.8/site-packages/doa
[3.554s] copying /home/eragond/Documents/Robotica/DOAActionService/build/doa/build/lib/doa/tuning.py -> /home/eragond/Documents/Robotica/DOAActionService/install/doa/lib/python3.8/site-packages/doa
[3.554s] copying /home/eragond/Documents/Robotica/DOAActionService/build/doa/build/lib/doa/doa_action_server.py -> /home/eragond/Documents/Robotica/DOAActionService/install/doa/lib/python3.8/site-packages/doa
[3.555s] byte-compiling /home/eragond/Documents/Robotica/DOAActionService/install/doa/lib/python3.8/site-packages/doa/doa_action_client.py to doa_action_client.cpython-38.pyc
[3.561s] byte-compiling /home/eragond/Documents/Robotica/DOAActionService/install/doa/lib/python3.8/site-packages/doa/__init__.py to __init__.cpython-38.pyc
[3.562s] byte-compiling /home/eragond/Documents/Robotica/DOAActionService/install/doa/lib/python3.8/site-packages/doa/tuning.py to tuning.cpython-38.pyc
[3.569s] byte-compiling /home/eragond/Documents/Robotica/DOAActionService/install/doa/lib/python3.8/site-packages/doa/doa_action_server.py to doa_action_server.cpython-38.pyc
[3.572s] running install_data
[3.572s] creating /home/eragond/Documents/Robotica/DOAActionService/install/doa/share/ament_index
[3.573s] creating /home/eragond/Documents/Robotica/DOAActionService/install/doa/share/ament_index/resource_index
[3.573s] creating /home/eragond/Documents/Robotica/DOAActionService/install/doa/share/ament_index/resource_index/packages
[3.574s] copying resource/doa -> /home/eragond/Documents/Robotica/DOAActionService/install/doa/share/ament_index/resource_index/packages
[3.574s] copying package.xml -> /home/eragond/Documents/Robotica/DOAActionService/install/doa/share/doa
[3.574s] running install_egg_info
[3.578s] Copying ../../build/doa/doa.egg-info to /home/eragond/Documents/Robotica/DOAActionService/install/doa/lib/python3.8/site-packages/doa-0.0.0-py3.8.egg-info
[3.581s] running install_scripts
[3.637s] Installing client script to /home/eragond/Documents/Robotica/DOAActionService/install/doa/lib/doa
[3.637s] Installing server script to /home/eragond/Documents/Robotica/DOAActionService/install/doa/lib/doa
[3.638s] writing list of installed files to '/home/eragond/Documents/Robotica/DOAActionService/build/doa/install.log'
[3.709s] Invoked command in '/home/eragond/Documents/Robotica/DOAActionService/src/doa' returned '0': PYTHONPATH=/home/eragond/Documents/Robotica/DOAActionService/build/doa/prefix_override:/home/eragond/Documents/Robotica/DOAActionService/install/doa/lib/python3.8/site-packages:${PYTHONPATH} /usr/bin/python3 setup.py egg_info --egg-base ../../build/doa build --build-base /home/eragond/Documents/Robotica/DOAActionService/build/doa/build install --record /home/eragond/Documents/Robotica/DOAActionService/build/doa/install.log --install-scripts $base/lib/doa --single-version-externally-managed
