running egg_info
writing ../../build/doa/doa.egg-info/PKG-INFO
writing dependency_links to ../../build/doa/doa.egg-info/dependency_links.txt
writing entry points to ../../build/doa/doa.egg-info/entry_points.txt
writing requirements to ../../build/doa/doa.egg-info/requires.txt
writing top-level names to ../../build/doa/doa.egg-info/top_level.txt
reading manifest file '../../build/doa/doa.egg-info/SOURCES.txt'
writing manifest file '../../build/doa/doa.egg-info/SOURCES.txt'
running build
running build_py
running install
running install_lib
byte-compiling /home/eragond/Documents/Robotica/DOA/install/doa/lib/python3.8/site-packages/doa/doa_action_client.py to doa_action_client.cpython-38.pyc
byte-compiling /home/eragond/Documents/Robotica/DOA/install/doa/lib/python3.8/site-packages/doa/tuning.py to tuning.cpython-38.pyc
running install_data
running install_egg_info
removing '/home/eragond/Documents/Robotica/DOA/install/doa/lib/python3.8/site-packages/doa-0.0.0-py3.8.egg-info' (and everything under it)
Copying ../../build/doa/doa.egg-info to /home/eragond/Documents/Robotica/DOA/install/doa/lib/python3.8/site-packages/doa-0.0.0-py3.8.egg-info
running install_scripts
Installing client script to /home/eragond/Documents/Robotica/DOA/install/doa/lib/doa
Installing server script to /home/eragond/Documents/Robotica/DOA/install/doa/lib/doa
writing list of installed files to '/home/eragond/Documents/Robotica/DOA/build/doa/install.log'
