[0.085s] Invoking command in '/home/eragond/Documents/Robotica/DOA/build/action_doa': CMAKE_PREFIX_PATH=${CMAKE_PREFIX_PATH}:/home/eragond/Documents/Robotica/DOAActionService/install/doa:/home/eragond/Documents/Robotica/DOAActionService/install/DOA:/opt/ros/foxy /usr/bin/cmake /home/eragond/Documents/Robotica/DOA/src/action_doa -DCMAKE_INSTALL_PREFIX=/home/eragond/Documents/Robotica/DOA/install/action_doa
[0.257s] -- The C compiler identification is GNU 9.4.0
[0.429s] -- The CXX compiler identification is GNU 9.4.0
[0.442s] -- Check for working C compiler: /usr/bin/cc
[0.640s] -- Check for working C compiler: /usr/bin/cc -- works
[0.642s] -- Detecting C compiler ABI info
[0.835s] -- Detecting C compiler ABI info - done
[0.878s] -- Detecting C compile features
[0.879s] -- Detecting C compile features - done
[0.885s] -- Check for working CXX compiler: /usr/bin/c++
[1.101s] -- Check for working CXX compiler: /usr/bin/c++ -- works
[1.104s] -- Detecting CXX compiler ABI info
[1.321s] -- Detecting CXX compiler ABI info - done
[1.360s] -- Detecting CXX compile features
[1.362s] -- Detecting CXX compile features - done
[1.367s] -- Found ament_cmake: 0.9.11 (/opt/ros/foxy/share/ament_cmake/cmake)
[1.433s] -- Found PythonInterp: /usr/bin/python3 (found suitable version "3.8.10", minimum required is "3") 
[1.433s] -- Using PYTHON_EXECUTABLE: /usr/bin/python3
[2.079s] -- Found ament_lint_auto: 0.9.7 (/opt/ros/foxy/share/ament_lint_auto/cmake)
[2.277s] -- Found rosidl_default_generators: 1.0.1 (/opt/ros/foxy/share/rosidl_default_generators/cmake)
[2.286s] -- Using all available rosidl_typesupport_c: rosidl_typesupport_fastrtps_c;rosidl_typesupport_introspection_c
[2.303s] -- Found rosidl_adapter: 1.3.0 (/opt/ros/foxy/share/rosidl_adapter/cmake)
[2.602s] -- Found OpenSSL: /usr/lib/x86_64-linux-gnu/libcrypto.so (found version "1.1.1f")  
[2.695s] -- Found FastRTPS: /opt/ros/foxy/include  
[2.932s] -- Using all available rosidl_typesupport_cpp: rosidl_typesupport_fastrtps_cpp;rosidl_typesupport_introspection_cpp
[3.073s] -- Found PythonInterp: /usr/bin/python3 (found version "3.8.10") 
[3.490s] -- Found ament_cmake_ros: 0.9.2 (/opt/ros/foxy/share/ament_cmake_ros/cmake)
[3.868s] -- Using all available rosidl_typesupport_c: rosidl_typesupport_fastrtps_c;rosidl_typesupport_introspection_c
[3.945s] -- Using all available rosidl_typesupport_cpp: rosidl_typesupport_fastrtps_cpp;rosidl_typesupport_introspection_cpp
[4.023s] -- Found PythonInterp: /usr/bin/python3 (found suitable version "3.8.10", minimum required is "3.5") 
[4.027s] -- Found python_cmake_module: 0.8.1 (/opt/ros/foxy/share/python_cmake_module/cmake)
[4.109s] -- Found PythonLibs: /usr/lib/x86_64-linux-gnu/libpython3.8.so (found suitable version "3.8.10", minimum required is "3.5") 
[4.109s] -- Using PYTHON_EXECUTABLE: /usr/bin/python3
[4.109s] -- Using PYTHON_INCLUDE_DIRS: /usr/include/python3.8
[4.110s] -- Using PYTHON_LIBRARIES: /usr/lib/x86_64-linux-gnu/libpython3.8.so
[4.175s] -- Found PythonExtra: .so  
[4.338s] -- Added test 'copyright' to check source files copyright and LICENSE
[4.343s] -- Added test 'lint_cmake' to check CMake code style
[4.346s] -- Added test 'xmllint' to check XML markup files
[4.367s] -- Configuring done
[4.504s] -- Generating done
[4.513s] -- Build files have been written to: /home/eragond/Documents/Robotica/DOA/build/action_doa
[4.538s] Invoked command in '/home/eragond/Documents/Robotica/DOA/build/action_doa' returned '0': CMAKE_PREFIX_PATH=${CMAKE_PREFIX_PATH}:/home/eragond/Documents/Robotica/DOAActionService/install/doa:/home/eragond/Documents/Robotica/DOAActionService/install/DOA:/opt/ros/foxy /usr/bin/cmake /home/eragond/Documents/Robotica/DOA/src/action_doa -DCMAKE_INSTALL_PREFIX=/home/eragond/Documents/Robotica/DOA/install/action_doa
[4.547s] Invoking command in '/home/eragond/Documents/Robotica/DOA/build/action_doa': CMAKE_PREFIX_PATH=${CMAKE_PREFIX_PATH}:/home/eragond/Documents/Robotica/DOAActionService/install/doa:/home/eragond/Documents/Robotica/DOAActionService/install/DOA:/opt/ros/foxy /usr/bin/cmake --build /home/eragond/Documents/Robotica/DOA/build/action_doa -- -j4 -l4
[4.673s] [35m[1mScanning dependencies of target action_doa__cpp[0m
[4.674s] [  3%] [34m[1mGenerating C code for ROS interfaces[0m
[4.703s] [  6%] [34m[1mGenerating C++ code for ROS interfaces[0m
[5.936s] [  6%] Built target action_doa__cpp
[5.971s] [  9%] [34m[1mGenerating C++ type support dispatch for ROS interfaces[0m
[5.974s] [ 12%] [34m[1mGenerating C++ introspection for ROS interfaces[0m
[5.976s] [ 16%] [34m[1mGenerating C++ type support for eProsima Fast-RTPS[0m
[6.131s] [35m[1mScanning dependencies of target action_doa__rosidl_generator_c[0m
[6.182s] [ 19%] [32mBuilding C object CMakeFiles/action_doa__rosidl_generator_c.dir/rosidl_generator_c/action_doa/action/detail/do_aaction__functions.c.o[0m
[6.650s] [ 22%] [32m[1mLinking C shared library libaction_doa__rosidl_generator_c.so[0m
[6.778s] [ 22%] Built target action_doa__rosidl_generator_c
[6.811s] [ 25%] [34m[1mGenerating C introspection for ROS interfaces[0m
[7.048s] [35m[1mScanning dependencies of target action_doa__rosidl_typesupport_cpp[0m
[7.096s] [ 29%] [32mBuilding CXX object CMakeFiles/action_doa__rosidl_typesupport_cpp.dir/rosidl_typesupport_cpp/action_doa/action/do_aaction__type_support.cpp.o[0m
[7.341s] [35m[1mScanning dependencies of target action_doa__rosidl_typesupport_introspection_cpp[0m
[7.391s] [ 32%] [32mBuilding CXX object CMakeFiles/action_doa__rosidl_typesupport_introspection_cpp.dir/rosidl_typesupport_introspection_cpp/action_doa/action/detail/do_aaction__type_support.cpp.o[0m
[7.577s] [35m[1mScanning dependencies of target action_doa__rosidl_typesupport_fastrtps_cpp[0m
[7.655s] [ 35%] [32mBuilding CXX object CMakeFiles/action_doa__rosidl_typesupport_fastrtps_cpp.dir/rosidl_typesupport_fastrtps_cpp/action_doa/action/detail/dds_fastrtps/do_aaction__type_support.cpp.o[0m
[8.203s] [35m[1mScanning dependencies of target action_doa__rosidl_typesupport_introspection_c[0m
[8.240s] [ 38%] [32m[1mLinking CXX shared library libaction_doa__rosidl_typesupport_cpp.so[0m
[8.252s] [ 41%] [32mBuilding C object CMakeFiles/action_doa__rosidl_typesupport_introspection_c.dir/rosidl_typesupport_introspection_c/action_doa/action/detail/do_aaction__type_support.c.o[0m
[8.390s] [ 41%] Built target action_doa__rosidl_typesupport_cpp
[8.419s] [ 45%] [32m[1mLinking C shared library libaction_doa__rosidl_typesupport_introspection_c.so[0m
[8.426s] [ 48%] [34m[1mGenerating C type support dispatch for ROS interfaces[0m
[8.534s] [ 48%] Built target action_doa__rosidl_typesupport_introspection_c
[8.720s] [ 51%] [32m[1mLinking CXX shared library libaction_doa__rosidl_typesupport_introspection_cpp.so[0m
[8.967s] [ 51%] Built target action_doa__rosidl_typesupport_introspection_cpp
[9.527s] [35m[1mScanning dependencies of target action_doa__rosidl_typesupport_c[0m
[9.532s] [ 54%] [32m[1mLinking CXX shared library libaction_doa__rosidl_typesupport_fastrtps_cpp.so[0m
[9.565s] [ 58%] [32mBuilding CXX object CMakeFiles/action_doa__rosidl_typesupport_c.dir/rosidl_typesupport_c/action_doa/action/do_aaction__type_support.cpp.o[0m
[9.702s] [ 61%] [32m[1mLinking CXX shared library libaction_doa__rosidl_typesupport_c.so[0m
[9.819s] [ 61%] Built target action_doa__rosidl_typesupport_c
[9.821s] [ 61%] Built target action_doa__rosidl_typesupport_fastrtps_cpp
[9.854s] [ 64%] [34m[1mGenerating C type support for eProsima Fast-RTPS[0m
[11.017s] [35m[1mScanning dependencies of target action_doa__rosidl_typesupport_fastrtps_c[0m
[11.073s] [ 67%] [32mBuilding CXX object CMakeFiles/action_doa__rosidl_typesupport_fastrtps_c.dir/rosidl_typesupport_fastrtps_c/action_doa/action/detail/do_aaction__type_support_c.cpp.o[0m
[12.145s] [ 70%] [32m[1mLinking CXX shared library libaction_doa__rosidl_typesupport_fastrtps_c.so[0m
[12.452s] [ 70%] Built target action_doa__rosidl_typesupport_fastrtps_c
[12.482s] [35m[1mScanning dependencies of target action_doa[0m
[12.513s] [ 70%] Built target action_doa
[12.543s] [35m[1mScanning dependencies of target action_doa__py[0m
[12.576s] [ 74%] [34m[1mGenerating Python code for ROS interfaces[0m
[15.085s] [ 74%] Built target action_doa__py
[15.117s] [35m[1mScanning dependencies of target action_doa__python[0m
[15.173s] [ 77%] [32mBuilding C object CMakeFiles/action_doa__python.dir/rosidl_generator_py/action_doa/action/_do_aaction_s.c.o[0m
[15.596s] [ 80%] [32m[1mLinking C shared library rosidl_generator_py/action_doa/libaction_doa__python.so[0m
[15.734s] [ 80%] Built target action_doa__python
[15.765s] [35m[1mScanning dependencies of target action_doa__rosidl_typesupport_c__pyext[0m
[15.768s] [35m[1mScanning dependencies of target action_doa__rosidl_typesupport_introspection_c__pyext[0m
[15.768s] [35m[1mScanning dependencies of target action_doa__rosidl_typesupport_fastrtps_c__pyext[0m
[15.820s] [ 83%] [32mBuilding C object CMakeFiles/action_doa__rosidl_typesupport_c__pyext.dir/rosidl_generator_py/action_doa/_action_doa_s.ep.rosidl_typesupport_c.c.o[0m
[15.832s] [ 87%] [32mBuilding C object CMakeFiles/action_doa__rosidl_typesupport_introspection_c__pyext.dir/rosidl_generator_py/action_doa/_action_doa_s.ep.rosidl_typesupport_introspection_c.c.o[0m
[15.844s] [ 90%] [32mBuilding C object CMakeFiles/action_doa__rosidl_typesupport_fastrtps_c__pyext.dir/rosidl_generator_py/action_doa/_action_doa_s.ep.rosidl_typesupport_fastrtps_c.c.o[0m
[16.132s] [ 93%] [32m[1mLinking C shared library rosidl_generator_py/action_doa/action_doa_s__rosidl_typesupport_c.cpython-38-x86_64-linux-gnu.so[0m
[16.216s] [ 96%] [32m[1mLinking C shared library rosidl_generator_py/action_doa/action_doa_s__rosidl_typesupport_introspection_c.cpython-38-x86_64-linux-gnu.so[0m
[16.234s] [100%] [32m[1mLinking CXX shared library rosidl_generator_py/action_doa/action_doa_s__rosidl_typesupport_fastrtps_c.cpython-38-x86_64-linux-gnu.so[0m
[16.250s] [100%] Built target action_doa__rosidl_typesupport_c__pyext
[16.335s] [100%] Built target action_doa__rosidl_typesupport_introspection_c__pyext
[16.437s] [100%] Built target action_doa__rosidl_typesupport_fastrtps_c__pyext
[16.472s] Invoked command in '/home/eragond/Documents/Robotica/DOA/build/action_doa' returned '0': CMAKE_PREFIX_PATH=${CMAKE_PREFIX_PATH}:/home/eragond/Documents/Robotica/DOAActionService/install/doa:/home/eragond/Documents/Robotica/DOAActionService/install/DOA:/opt/ros/foxy /usr/bin/cmake --build /home/eragond/Documents/Robotica/DOA/build/action_doa -- -j4 -l4
[16.635s] Invoking command in '/home/eragond/Documents/Robotica/DOA/build/action_doa': CMAKE_PREFIX_PATH=${CMAKE_PREFIX_PATH}:/home/eragond/Documents/Robotica/DOAActionService/install/doa:/home/eragond/Documents/Robotica/DOAActionService/install/DOA:/opt/ros/foxy /usr/bin/cmake --install /home/eragond/Documents/Robotica/DOA/build/action_doa
[16.661s] -- Install configuration: ""
[16.661s] -- Installing: /home/eragond/Documents/Robotica/DOA/install/action_doa/share/ament_index/resource_index/rosidl_interfaces/action_doa
[16.662s] -- Installing: /home/eragond/Documents/Robotica/DOA/install/action_doa/include/action_doa
[16.662s] -- Installing: /home/eragond/Documents/Robotica/DOA/install/action_doa/include/action_doa/action
[16.662s] -- Installing: /home/eragond/Documents/Robotica/DOA/install/action_doa/include/action_doa/action/detail
[16.663s] -- Installing: /home/eragond/Documents/Robotica/DOA/install/action_doa/include/action_doa/action/detail/do_aaction__functions.c
[16.663s] -- Installing: /home/eragond/Documents/Robotica/DOA/install/action_doa/include/action_doa/action/detail/do_aaction__struct.h
[16.664s] -- Installing: /home/eragond/Documents/Robotica/DOA/install/action_doa/include/action_doa/action/detail/do_aaction__functions.h
[16.664s] -- Installing: /home/eragond/Documents/Robotica/DOA/install/action_doa/include/action_doa/action/detail/do_aaction__type_support.h
[16.664s] -- Installing: /home/eragond/Documents/Robotica/DOA/install/action_doa/include/action_doa/action/do_aaction.h
[16.665s] -- Installing: /home/eragond/Documents/Robotica/DOA/install/action_doa/include/action_doa/msg
[16.665s] -- Installing: /home/eragond/Documents/Robotica/DOA/install/action_doa/include/action_doa/msg/rosidl_generator_c__visibility_control.h
[16.666s] -- Installing: /home/eragond/Documents/Robotica/DOA/install/action_doa/share/action_doa/environment/library_path.sh
[16.666s] -- Installing: /home/eragond/Documents/Robotica/DOA/install/action_doa/share/action_doa/environment/library_path.dsv
[16.666s] -- Installing: /home/eragond/Documents/Robotica/DOA/install/action_doa/lib/libaction_doa__rosidl_generator_c.so
[16.667s] -- Set runtime path of "/home/eragond/Documents/Robotica/DOA/install/action_doa/lib/libaction_doa__rosidl_generator_c.so" to ""
[16.667s] -- Up-to-date: /home/eragond/Documents/Robotica/DOA/install/action_doa/include/action_doa
[16.668s] -- Up-to-date: /home/eragond/Documents/Robotica/DOA/install/action_doa/include/action_doa/action
[16.668s] -- Up-to-date: /home/eragond/Documents/Robotica/DOA/install/action_doa/include/action_doa/action/detail
[16.668s] -- Installing: /home/eragond/Documents/Robotica/DOA/install/action_doa/include/action_doa/action/detail/do_aaction__rosidl_typesupport_fastrtps_c.h
[16.669s] -- Up-to-date: /home/eragond/Documents/Robotica/DOA/install/action_doa/include/action_doa/msg
[16.669s] -- Installing: /home/eragond/Documents/Robotica/DOA/install/action_doa/include/action_doa/msg/rosidl_typesupport_fastrtps_c__visibility_control.h
[16.669s] -- Installing: /home/eragond/Documents/Robotica/DOA/install/action_doa/lib/libaction_doa__rosidl_typesupport_fastrtps_c.so
[16.670s] -- Set runtime path of "/home/eragond/Documents/Robotica/DOA/install/action_doa/lib/libaction_doa__rosidl_typesupport_fastrtps_c.so" to ""
[16.670s] -- Up-to-date: /home/eragond/Documents/Robotica/DOA/install/action_doa/include/action_doa
[16.670s] -- Up-to-date: /home/eragond/Documents/Robotica/DOA/install/action_doa/include/action_doa/action
[16.671s] -- Up-to-date: /home/eragond/Documents/Robotica/DOA/install/action_doa/include/action_doa/action/detail
[16.671s] -- Installing: /home/eragond/Documents/Robotica/DOA/install/action_doa/include/action_doa/action/detail/dds_fastrtps
[16.671s] -- Installing: /home/eragond/Documents/Robotica/DOA/install/action_doa/include/action_doa/action/detail/do_aaction__rosidl_typesupport_fastrtps_cpp.hpp
[16.671s] -- Up-to-date: /home/eragond/Documents/Robotica/DOA/install/action_doa/include/action_doa/msg
[16.672s] -- Installing: /home/eragond/Documents/Robotica/DOA/install/action_doa/include/action_doa/msg/rosidl_typesupport_fastrtps_cpp__visibility_control.h
[16.672s] -- Installing: /home/eragond/Documents/Robotica/DOA/install/action_doa/lib/libaction_doa__rosidl_typesupport_fastrtps_cpp.so
[16.672s] -- Set runtime path of "/home/eragond/Documents/Robotica/DOA/install/action_doa/lib/libaction_doa__rosidl_typesupport_fastrtps_cpp.so" to ""
[16.673s] -- Up-to-date: /home/eragond/Documents/Robotica/DOA/install/action_doa/include/action_doa
[16.673s] -- Up-to-date: /home/eragond/Documents/Robotica/DOA/install/action_doa/include/action_doa/action
[16.673s] -- Up-to-date: /home/eragond/Documents/Robotica/DOA/install/action_doa/include/action_doa/action/detail
[16.674s] -- Installing: /home/eragond/Documents/Robotica/DOA/install/action_doa/include/action_doa/action/detail/do_aaction__type_support.c
[16.674s] -- Installing: /home/eragond/Documents/Robotica/DOA/install/action_doa/include/action_doa/action/detail/do_aaction__rosidl_typesupport_introspection_c.h
[16.674s] -- Up-to-date: /home/eragond/Documents/Robotica/DOA/install/action_doa/include/action_doa/msg
[16.674s] -- Installing: /home/eragond/Documents/Robotica/DOA/install/action_doa/include/action_doa/msg/rosidl_typesupport_introspection_c__visibility_control.h
[16.675s] -- Installing: /home/eragond/Documents/Robotica/DOA/install/action_doa/lib/libaction_doa__rosidl_typesupport_introspection_c.so
[16.675s] -- Set runtime path of "/home/eragond/Documents/Robotica/DOA/install/action_doa/lib/libaction_doa__rosidl_typesupport_introspection_c.so" to ""
[16.675s] -- Installing: /home/eragond/Documents/Robotica/DOA/install/action_doa/lib/libaction_doa__rosidl_typesupport_c.so
[16.677s] -- Set runtime path of "/home/eragond/Documents/Robotica/DOA/install/action_doa/lib/libaction_doa__rosidl_typesupport_c.so" to ""
[16.677s] -- Up-to-date: /home/eragond/Documents/Robotica/DOA/install/action_doa/include/action_doa
[16.677s] -- Up-to-date: /home/eragond/Documents/Robotica/DOA/install/action_doa/include/action_doa/action
[16.677s] -- Up-to-date: /home/eragond/Documents/Robotica/DOA/install/action_doa/include/action_doa/action/detail
[16.678s] -- Installing: /home/eragond/Documents/Robotica/DOA/install/action_doa/include/action_doa/action/detail/do_aaction__struct.hpp
[16.678s] -- Installing: /home/eragond/Documents/Robotica/DOA/install/action_doa/include/action_doa/action/detail/do_aaction__builder.hpp
[16.678s] -- Installing: /home/eragond/Documents/Robotica/DOA/install/action_doa/include/action_doa/action/detail/do_aaction__traits.hpp
[16.679s] -- Installing: /home/eragond/Documents/Robotica/DOA/install/action_doa/include/action_doa/action/do_aaction.hpp
[16.679s] -- Up-to-date: /home/eragond/Documents/Robotica/DOA/install/action_doa/include/action_doa
[16.679s] -- Up-to-date: /home/eragond/Documents/Robotica/DOA/install/action_doa/include/action_doa/action
[16.679s] -- Up-to-date: /home/eragond/Documents/Robotica/DOA/install/action_doa/include/action_doa/action/detail
[16.680s] -- Installing: /home/eragond/Documents/Robotica/DOA/install/action_doa/include/action_doa/action/detail/do_aaction__type_support.cpp
[16.680s] -- Installing: /home/eragond/Documents/Robotica/DOA/install/action_doa/include/action_doa/action/detail/do_aaction__rosidl_typesupport_introspection_cpp.hpp
[16.680s] -- Installing: /home/eragond/Documents/Robotica/DOA/install/action_doa/lib/libaction_doa__rosidl_typesupport_introspection_cpp.so
[16.681s] -- Set runtime path of "/home/eragond/Documents/Robotica/DOA/install/action_doa/lib/libaction_doa__rosidl_typesupport_introspection_cpp.so" to ""
[16.681s] -- Installing: /home/eragond/Documents/Robotica/DOA/install/action_doa/lib/libaction_doa__rosidl_typesupport_cpp.so
[16.682s] -- Set runtime path of "/home/eragond/Documents/Robotica/DOA/install/action_doa/lib/libaction_doa__rosidl_typesupport_cpp.so" to ""
[16.682s] -- Installing: /home/eragond/Documents/Robotica/DOA/install/action_doa/share/action_doa/environment/pythonpath.sh
[16.683s] -- Installing: /home/eragond/Documents/Robotica/DOA/install/action_doa/share/action_doa/environment/pythonpath.dsv
[16.683s] -- Installing: /home/eragond/Documents/Robotica/DOA/install/action_doa/lib/python3.8/site-packages/action_doa/__init__.py
[16.770s] Compiling '/home/eragond/Documents/Robotica/DOA/install/action_doa/lib/python3.8/site-packages/action_doa/__init__.py'...
[16.782s] -- Installing: /home/eragond/Documents/Robotica/DOA/install/action_doa/lib/python3.8/site-packages/action_doa/action
[16.782s] -- Installing: /home/eragond/Documents/Robotica/DOA/install/action_doa/lib/python3.8/site-packages/action_doa/action/_do_aaction_s.c
[16.783s] -- Installing: /home/eragond/Documents/Robotica/DOA/install/action_doa/lib/python3.8/site-packages/action_doa/action/__init__.py
[16.783s] -- Installing: /home/eragond/Documents/Robotica/DOA/install/action_doa/lib/python3.8/site-packages/action_doa/action/_do_aaction.py
[16.784s] -- Installing: /home/eragond/Documents/Robotica/DOA/install/action_doa/lib/python3.8/site-packages/action_doa/action_doa_s__rosidl_typesupport_fastrtps_c.cpython-38-x86_64-linux-gnu.so
[16.786s] -- Set runtime path of "/home/eragond/Documents/Robotica/DOA/install/action_doa/lib/python3.8/site-packages/action_doa/action_doa_s__rosidl_typesupport_fastrtps_c.cpython-38-x86_64-linux-gnu.so" to ""
[16.787s] -- Installing: /home/eragond/Documents/Robotica/DOA/install/action_doa/lib/python3.8/site-packages/action_doa/action_doa_s__rosidl_typesupport_introspection_c.cpython-38-x86_64-linux-gnu.so
[16.788s] -- Set runtime path of "/home/eragond/Documents/Robotica/DOA/install/action_doa/lib/python3.8/site-packages/action_doa/action_doa_s__rosidl_typesupport_introspection_c.cpython-38-x86_64-linux-gnu.so" to ""
[16.789s] -- Installing: /home/eragond/Documents/Robotica/DOA/install/action_doa/lib/python3.8/site-packages/action_doa/action_doa_s__rosidl_typesupport_c.cpython-38-x86_64-linux-gnu.so
[16.791s] -- Set runtime path of "/home/eragond/Documents/Robotica/DOA/install/action_doa/lib/python3.8/site-packages/action_doa/action_doa_s__rosidl_typesupport_c.cpython-38-x86_64-linux-gnu.so" to ""
[16.791s] -- Installing: /home/eragond/Documents/Robotica/DOA/install/action_doa/lib/libaction_doa__python.so
[16.792s] -- Set runtime path of "/home/eragond/Documents/Robotica/DOA/install/action_doa/lib/libaction_doa__python.so" to ""
[16.793s] -- Installing: /home/eragond/Documents/Robotica/DOA/install/action_doa/share/action_doa/action/DOAaction.idl
[16.793s] -- Installing: /home/eragond/Documents/Robotica/DOA/install/action_doa/share/action_doa/action/DOAaction.action
[16.793s] -- Installing: /home/eragond/Documents/Robotica/DOA/install/action_doa/share/ament_index/resource_index/package_run_dependencies/action_doa
[16.794s] -- Installing: /home/eragond/Documents/Robotica/DOA/install/action_doa/share/ament_index/resource_index/parent_prefix_path/action_doa
[16.795s] -- Installing: /home/eragond/Documents/Robotica/DOA/install/action_doa/share/action_doa/environment/ament_prefix_path.sh
[16.795s] -- Installing: /home/eragond/Documents/Robotica/DOA/install/action_doa/share/action_doa/environment/ament_prefix_path.dsv
[16.796s] -- Installing: /home/eragond/Documents/Robotica/DOA/install/action_doa/share/action_doa/environment/path.sh
[16.797s] -- Installing: /home/eragond/Documents/Robotica/DOA/install/action_doa/share/action_doa/environment/path.dsv
[16.797s] -- Installing: /home/eragond/Documents/Robotica/DOA/install/action_doa/share/action_doa/local_setup.bash
[16.797s] -- Installing: /home/eragond/Documents/Robotica/DOA/install/action_doa/share/action_doa/local_setup.sh
[16.798s] -- Installing: /home/eragond/Documents/Robotica/DOA/install/action_doa/share/action_doa/local_setup.zsh
[16.798s] -- Installing: /home/eragond/Documents/Robotica/DOA/install/action_doa/share/action_doa/local_setup.dsv
[16.799s] -- Installing: /home/eragond/Documents/Robotica/DOA/install/action_doa/share/action_doa/package.dsv
[16.799s] -- Installing: /home/eragond/Documents/Robotica/DOA/install/action_doa/share/ament_index/resource_index/packages/action_doa
[16.799s] -- Installing: /home/eragond/Documents/Robotica/DOA/install/action_doa/share/action_doa/cmake/action_doa__rosidl_generator_cExport.cmake
[16.800s] -- Installing: /home/eragond/Documents/Robotica/DOA/install/action_doa/share/action_doa/cmake/action_doa__rosidl_generator_cExport-noconfig.cmake
[16.800s] -- Installing: /home/eragond/Documents/Robotica/DOA/install/action_doa/share/action_doa/cmake/action_doa__rosidl_typesupport_introspection_cExport.cmake
[16.800s] -- Installing: /home/eragond/Documents/Robotica/DOA/install/action_doa/share/action_doa/cmake/action_doa__rosidl_typesupport_introspection_cExport-noconfig.cmake
[16.801s] -- Installing: /home/eragond/Documents/Robotica/DOA/install/action_doa/share/action_doa/cmake/action_doa__rosidl_typesupport_cExport.cmake
[16.801s] -- Installing: /home/eragond/Documents/Robotica/DOA/install/action_doa/share/action_doa/cmake/action_doa__rosidl_typesupport_cExport-noconfig.cmake
[16.802s] -- Installing: /home/eragond/Documents/Robotica/DOA/install/action_doa/share/action_doa/cmake/action_doa__rosidl_generator_cppExport.cmake
[16.802s] -- Installing: /home/eragond/Documents/Robotica/DOA/install/action_doa/share/action_doa/cmake/action_doa__rosidl_typesupport_introspection_cppExport.cmake
[16.802s] -- Installing: /home/eragond/Documents/Robotica/DOA/install/action_doa/share/action_doa/cmake/action_doa__rosidl_typesupport_introspection_cppExport-noconfig.cmake
[16.803s] -- Installing: /home/eragond/Documents/Robotica/DOA/install/action_doa/share/action_doa/cmake/action_doa__rosidl_typesupport_cppExport.cmake
[16.803s] -- Installing: /home/eragond/Documents/Robotica/DOA/install/action_doa/share/action_doa/cmake/action_doa__rosidl_typesupport_cppExport-noconfig.cmake
[16.804s] -- Installing: /home/eragond/Documents/Robotica/DOA/install/action_doa/share/action_doa/cmake/rosidl_cmake-extras.cmake
[16.804s] -- Installing: /home/eragond/Documents/Robotica/DOA/install/action_doa/share/action_doa/cmake/ament_cmake_export_dependencies-extras.cmake
[16.804s] -- Installing: /home/eragond/Documents/Robotica/DOA/install/action_doa/share/action_doa/cmake/ament_cmake_export_libraries-extras.cmake
[16.805s] -- Installing: /home/eragond/Documents/Robotica/DOA/install/action_doa/share/action_doa/cmake/ament_cmake_export_targets-extras.cmake
[16.805s] -- Installing: /home/eragond/Documents/Robotica/DOA/install/action_doa/share/action_doa/cmake/ament_cmake_export_include_directories-extras.cmake
[16.805s] -- Installing: /home/eragond/Documents/Robotica/DOA/install/action_doa/share/action_doa/cmake/rosidl_cmake_export_typesupport_libraries-extras.cmake
[16.806s] -- Installing: /home/eragond/Documents/Robotica/DOA/install/action_doa/share/action_doa/cmake/rosidl_cmake_export_typesupport_targets-extras.cmake
[16.806s] -- Installing: /home/eragond/Documents/Robotica/DOA/install/action_doa/share/action_doa/cmake/action_doaConfig.cmake
[16.806s] -- Installing: /home/eragond/Documents/Robotica/DOA/install/action_doa/share/action_doa/cmake/action_doaConfig-version.cmake
[16.807s] -- Installing: /home/eragond/Documents/Robotica/DOA/install/action_doa/share/action_doa/package.xml
[16.822s] Invoked command in '/home/eragond/Documents/Robotica/DOA/build/action_doa' returned '0': CMAKE_PREFIX_PATH=${CMAKE_PREFIX_PATH}:/home/eragond/Documents/Robotica/DOAActionService/install/doa:/home/eragond/Documents/Robotica/DOAActionService/install/DOA:/opt/ros/foxy /usr/bin/cmake --install /home/eragond/Documents/Robotica/DOA/build/action_doa
