[2.115s] Invoking command in '/home/eragond/Documents/Robotica/DOA/src/doa': PYTHONPATH=/home/eragond/Documents/Robotica/DOA/build/doa/prefix_override:/home/eragond/Documents/Robotica/DOA/install/doa/lib/python3.8/site-packages:${PYTHONPATH} /usr/bin/python3 setup.py egg_info --egg-base ../../build/doa build --build-base /home/eragond/Documents/Robotica/DOA/build/doa/build install --record /home/eragond/Documents/Robotica/DOA/build/doa/install.log --install-scripts $base/lib/doa --single-version-externally-managed
[2.801s] running egg_info
[2.802s] writing ../../build/doa/doa.egg-info/PKG-INFO
[2.803s] writing dependency_links to ../../build/doa/doa.egg-info/dependency_links.txt
[2.803s] writing entry points to ../../build/doa/doa.egg-info/entry_points.txt
[2.803s] writing requirements to ../../build/doa/doa.egg-info/requires.txt
[2.804s] writing top-level names to ../../build/doa/doa.egg-info/top_level.txt
[2.915s] reading manifest file '../../build/doa/doa.egg-info/SOURCES.txt'
[2.917s] writing manifest file '../../build/doa/doa.egg-info/SOURCES.txt'
[2.918s] running build
[2.918s] running build_py
[2.918s] copying doa/doa_action_server.py -> /home/eragond/Documents/Robotica/DOA/build/doa/build/lib/doa
[2.919s] running install
[2.921s] running install_lib
[2.924s] copying /home/eragond/Documents/Robotica/DOA/build/doa/build/lib/doa/doa_action_server.py -> /home/eragond/Documents/Robotica/DOA/install/doa/lib/python3.8/site-packages/doa
[2.925s] byte-compiling /home/eragond/Documents/Robotica/DOA/install/doa/lib/python3.8/site-packages/doa/doa_action_client.py to doa_action_client.cpython-38.pyc
[2.930s] byte-compiling /home/eragond/Documents/Robotica/DOA/install/doa/lib/python3.8/site-packages/doa/tuning.py to tuning.cpython-38.pyc
[2.938s] byte-compiling /home/eragond/Documents/Robotica/DOA/install/doa/lib/python3.8/site-packages/doa/doa_action_server.py to doa_action_server.cpython-38.pyc
[2.938s] running install_data
[2.938s]   File "/home/eragond/Documents/Robotica/DOA/install/doa/lib/python3.8/site-packages/doa/doa_action_server.py", line 42
[2.938s]     while(!encontrado):
[2.939s]           ^
[2.939s] SyntaxError: invalid syntax
[2.939s] 
[2.940s] running install_egg_info
[2.943s] removing '/home/eragond/Documents/Robotica/DOA/install/doa/lib/python3.8/site-packages/doa-0.0.0-py3.8.egg-info' (and everything under it)
[2.944s] Copying ../../build/doa/doa.egg-info to /home/eragond/Documents/Robotica/DOA/install/doa/lib/python3.8/site-packages/doa-0.0.0-py3.8.egg-info
[2.946s] running install_scripts
[2.992s] Installing client script to /home/eragond/Documents/Robotica/DOA/install/doa/lib/doa
[2.992s] Installing server script to /home/eragond/Documents/Robotica/DOA/install/doa/lib/doa
[2.992s] writing list of installed files to '/home/eragond/Documents/Robotica/DOA/build/doa/install.log'
[3.060s] Invoked command in '/home/eragond/Documents/Robotica/DOA/src/doa' returned '0': PYTHONPATH=/home/eragond/Documents/Robotica/DOA/build/doa/prefix_override:/home/eragond/Documents/Robotica/DOA/install/doa/lib/python3.8/site-packages:${PYTHONPATH} /usr/bin/python3 setup.py egg_info --egg-base ../../build/doa build --build-base /home/eragond/Documents/Robotica/DOA/build/doa/build install --record /home/eragond/Documents/Robotica/DOA/build/doa/install.log --install-scripts $base/lib/doa --single-version-externally-managed
