[0.475s] DEBUG:colcon:Command line arguments: ['/usr/bin/colcon', 'build']
[0.475s] DEBUG:colcon:Parsed command line arguments: Namespace(allow_overriding=[], ament_cmake_args=None, base_paths=['.'], build_base='build', catkin_cmake_args=None, catkin_skip_building_tests=False, cmake_args=None, cmake_clean_cache=False, cmake_clean_first=False, cmake_force_configure=False, cmake_target=None, cmake_target_skip_unavailable=False, continue_on_error=False, event_handlers=None, executor='parallel', ignore_user_meta=False, install_base='install', log_base=None, log_level=None, main=<bound method BuildVerb.main of <colcon_core.verb.build.BuildVerb object at 0x7fe44134aa00>>, merge_install=False, metas=['./colcon.meta'], packages_above=None, packages_above_and_dependencies=None, packages_above_depth=None, packages_end=None, packages_ignore=None, packages_ignore_regex=None, packages_select=None, packages_select_build_failed=False, packages_select_by_dep=None, packages_select_regex=None, packages_select_test_failures=False, packages_skip=None, packages_skip_build_finished=False, packages_skip_by_dep=None, packages_skip_regex=None, packages_skip_test_passed=False, packages_skip_up_to=None, packages_start=None, packages_up_to=None, packages_up_to_regex=None, parallel_workers=4, paths=None, symlink_install=False, test_result_base=None, verb_extension=<colcon_core.verb.build.BuildVerb object at 0x7fe44134aa00>, verb_name='build', verb_parser=<colcon_defaults.argument_parser.defaults.DefaultArgumentsDecorator object at 0x7fe44134af70>)
[0.540s] Level 1:colcon.colcon_core.package_discovery:discover_packages(colcon_meta) check parameters
[0.541s] Level 1:colcon.colcon_core.package_discovery:discover_packages(recursive) check parameters
[0.541s] Level 1:colcon.colcon_core.package_discovery:discover_packages(ignore) check parameters
[0.541s] Level 1:colcon.colcon_core.package_discovery:discover_packages(path) check parameters
[0.541s] Level 1:colcon.colcon_core.package_discovery:discover_packages(colcon_meta) discover
[0.541s] Level 1:colcon.colcon_core.package_discovery:discover_packages(recursive) discover
[0.541s] INFO:colcon.colcon_core.package_discovery:Crawling recursively for packages in '/home/eragond/Documents/Robotica/DOA'
[0.542s] Level 1:colcon.colcon_core.package_identification:_identify(.) by extensions ['ignore', 'ignore_ament_install']
[0.542s] Level 1:colcon.colcon_core.package_identification:_identify(.) by extension 'ignore'
[0.542s] Level 1:colcon.colcon_core.package_identification:_identify(.) by extension 'ignore_ament_install'
[0.542s] Level 1:colcon.colcon_core.package_identification:_identify(.) by extensions ['colcon_pkg']
[0.542s] Level 1:colcon.colcon_core.package_identification:_identify(.) by extension 'colcon_pkg'
[0.542s] Level 1:colcon.colcon_core.package_identification:_identify(.) by extensions ['colcon_meta']
[0.542s] Level 1:colcon.colcon_core.package_identification:_identify(.) by extension 'colcon_meta'
[0.543s] Level 1:colcon.colcon_core.package_identification:_identify(.) by extensions ['ros']
[0.543s] Level 1:colcon.colcon_core.package_identification:_identify(.) by extension 'ros'
[0.601s] Level 1:colcon.colcon_core.package_identification:_identify(.) by extensions ['cmake', 'python']
[0.602s] Level 1:colcon.colcon_core.package_identification:_identify(.) by extension 'cmake'
[0.602s] Level 1:colcon.colcon_core.package_identification:_identify(.) by extension 'python'
[0.602s] Level 1:colcon.colcon_core.package_identification:_identify(.) by extensions ['python_setup_py']
[0.602s] Level 1:colcon.colcon_core.package_identification:_identify(.) by extension 'python_setup_py'
[0.602s] Level 1:colcon.colcon_core.package_identification:_identify(build) by extensions ['ignore', 'ignore_ament_install']
[0.602s] Level 1:colcon.colcon_core.package_identification:_identify(build) by extension 'ignore'
[0.603s] Level 1:colcon.colcon_core.package_identification:_identify(build) ignored
[0.603s] Level 1:colcon.colcon_core.package_identification:_identify(install) by extensions ['ignore', 'ignore_ament_install']
[0.603s] Level 1:colcon.colcon_core.package_identification:_identify(install) by extension 'ignore'
[0.603s] Level 1:colcon.colcon_core.package_identification:_identify(install) ignored
[0.603s] Level 1:colcon.colcon_core.package_identification:_identify(log) by extensions ['ignore', 'ignore_ament_install']
[0.604s] Level 1:colcon.colcon_core.package_identification:_identify(log) by extension 'ignore'
[0.604s] Level 1:colcon.colcon_core.package_identification:_identify(log) ignored
[0.604s] Level 1:colcon.colcon_core.package_identification:_identify(src) by extensions ['ignore', 'ignore_ament_install']
[0.604s] Level 1:colcon.colcon_core.package_identification:_identify(src) by extension 'ignore'
[0.604s] Level 1:colcon.colcon_core.package_identification:_identify(src) by extension 'ignore_ament_install'
[0.604s] Level 1:colcon.colcon_core.package_identification:_identify(src) by extensions ['colcon_pkg']
[0.605s] Level 1:colcon.colcon_core.package_identification:_identify(src) by extension 'colcon_pkg'
[0.605s] Level 1:colcon.colcon_core.package_identification:_identify(src) by extensions ['colcon_meta']
[0.605s] Level 1:colcon.colcon_core.package_identification:_identify(src) by extension 'colcon_meta'
[0.605s] Level 1:colcon.colcon_core.package_identification:_identify(src) by extensions ['ros']
[0.605s] Level 1:colcon.colcon_core.package_identification:_identify(src) by extension 'ros'
[0.605s] Level 1:colcon.colcon_core.package_identification:_identify(src) by extensions ['cmake', 'python']
[0.605s] Level 1:colcon.colcon_core.package_identification:_identify(src) by extension 'cmake'
[0.605s] Level 1:colcon.colcon_core.package_identification:_identify(src) by extension 'python'
[0.606s] Level 1:colcon.colcon_core.package_identification:_identify(src) by extensions ['python_setup_py']
[0.606s] Level 1:colcon.colcon_core.package_identification:_identify(src) by extension 'python_setup_py'
[0.606s] Level 1:colcon.colcon_core.package_identification:_identify(src/action_doa) by extensions ['ignore', 'ignore_ament_install']
[0.606s] Level 1:colcon.colcon_core.package_identification:_identify(src/action_doa) by extension 'ignore'
[0.606s] Level 1:colcon.colcon_core.package_identification:_identify(src/action_doa) by extension 'ignore_ament_install'
[0.606s] Level 1:colcon.colcon_core.package_identification:_identify(src/action_doa) by extensions ['colcon_pkg']
[0.606s] Level 1:colcon.colcon_core.package_identification:_identify(src/action_doa) by extension 'colcon_pkg'
[0.607s] Level 1:colcon.colcon_core.package_identification:_identify(src/action_doa) by extensions ['colcon_meta']
[0.607s] Level 1:colcon.colcon_core.package_identification:_identify(src/action_doa) by extension 'colcon_meta'
[0.607s] Level 1:colcon.colcon_core.package_identification:_identify(src/action_doa) by extensions ['ros']
[0.607s] Level 1:colcon.colcon_core.package_identification:_identify(src/action_doa) by extension 'ros'
[0.614s] DEBUG:colcon.colcon_core.package_identification:Package 'src/action_doa' with type 'ros.ament_cmake' and name 'action_doa'
[0.614s] Level 1:colcon.colcon_core.package_identification:_identify(src/doa) by extensions ['ignore', 'ignore_ament_install']
[0.614s] Level 1:colcon.colcon_core.package_identification:_identify(src/doa) by extension 'ignore'
[0.614s] Level 1:colcon.colcon_core.package_identification:_identify(src/doa) by extension 'ignore_ament_install'
[0.615s] Level 1:colcon.colcon_core.package_identification:_identify(src/doa) by extensions ['colcon_pkg']
[0.615s] Level 1:colcon.colcon_core.package_identification:_identify(src/doa) by extension 'colcon_pkg'
[0.615s] Level 1:colcon.colcon_core.package_identification:_identify(src/doa) by extensions ['colcon_meta']
[0.615s] Level 1:colcon.colcon_core.package_identification:_identify(src/doa) by extension 'colcon_meta'
[0.615s] Level 1:colcon.colcon_core.package_identification:_identify(src/doa) by extensions ['ros']
[0.615s] Level 1:colcon.colcon_core.package_identification:_identify(src/doa) by extension 'ros'
[0.616s] DEBUG:colcon.colcon_core.package_identification:Package 'src/doa' with type 'ros.ament_python' and name 'doa'
[0.617s] Level 1:colcon.colcon_core.package_discovery:discover_packages(recursive) using defaults
[0.617s] Level 1:colcon.colcon_core.package_discovery:discover_packages(ignore) discover
[0.617s] Level 1:colcon.colcon_core.package_discovery:discover_packages(ignore) using defaults
[0.617s] Level 1:colcon.colcon_core.package_discovery:discover_packages(path) discover
[0.617s] Level 1:colcon.colcon_core.package_discovery:discover_packages(path) using defaults
[0.675s] Level 1:colcon.colcon_core.package_discovery:discover_packages(prefix_path) check parameters
[0.675s] Level 1:colcon.colcon_core.package_discovery:discover_packages(prefix_path) discover
[0.678s] WARNING:colcon.colcon_core.prefix_path.colcon:The path '/home/eragond/Documents/Robotica/DOAActionService/install' in the environment variable COLCON_PREFIX_PATH doesn't exist
[0.679s] WARNING:colcon.colcon_ros.prefix_path.ament:The path '/home/eragond/Documents/Robotica/DOAActionService/install/action_doa' in the environment variable AMENT_PREFIX_PATH doesn't exist
[0.679s] WARNING:colcon.colcon_ros.prefix_path.ament:The path '/home/eragond/Documents/Robotica/DOAActionService/install/doa' in the environment variable AMENT_PREFIX_PATH doesn't exist
[0.679s] WARNING:colcon.colcon_ros.prefix_path.ament:The path '/home/eragond/Documents/Robotica/DOAActionService/install/DOA' in the environment variable AMENT_PREFIX_PATH doesn't exist
[0.679s] WARNING:colcon.colcon_ros.prefix_path.catkin:The path '/home/eragond/Documents/Robotica/DOAActionService/install/action_doa' in the environment variable CMAKE_PREFIX_PATH doesn't exist
[0.684s] DEBUG:colcon.colcon_installed_package_information.package_discovery:Found 2 installed packages in /home/eragond/Documents/Robotica/DOA/install
[0.690s] DEBUG:colcon.colcon_installed_package_information.package_discovery:Found 270 installed packages in /opt/ros/foxy
[0.700s] Level 1:colcon.colcon_core.package_discovery:discover_packages(prefix_path) using defaults
[0.906s] Level 5:colcon.colcon_core.verb:set package 'action_doa' build argument 'cmake_args' from command line to 'None'
[0.907s] Level 5:colcon.colcon_core.verb:set package 'action_doa' build argument 'cmake_target' from command line to 'None'
[0.907s] Level 5:colcon.colcon_core.verb:set package 'action_doa' build argument 'cmake_target_skip_unavailable' from command line to 'False'
[0.907s] Level 5:colcon.colcon_core.verb:set package 'action_doa' build argument 'cmake_clean_cache' from command line to 'False'
[0.907s] Level 5:colcon.colcon_core.verb:set package 'action_doa' build argument 'cmake_clean_first' from command line to 'False'
[0.907s] Level 5:colcon.colcon_core.verb:set package 'action_doa' build argument 'cmake_force_configure' from command line to 'False'
[0.907s] Level 5:colcon.colcon_core.verb:set package 'action_doa' build argument 'ament_cmake_args' from command line to 'None'
[0.907s] Level 5:colcon.colcon_core.verb:set package 'action_doa' build argument 'catkin_cmake_args' from command line to 'None'
[0.907s] Level 5:colcon.colcon_core.verb:set package 'action_doa' build argument 'catkin_skip_building_tests' from command line to 'False'
[0.907s] DEBUG:colcon.colcon_core.verb:Building package 'action_doa' with the following arguments: {'ament_cmake_args': None, 'build_base': '/home/eragond/Documents/Robotica/DOA/build/action_doa', 'catkin_cmake_args': None, 'catkin_skip_building_tests': False, 'cmake_args': None, 'cmake_clean_cache': False, 'cmake_clean_first': False, 'cmake_force_configure': False, 'cmake_target': None, 'cmake_target_skip_unavailable': False, 'install_base': '/home/eragond/Documents/Robotica/DOA/install/action_doa', 'merge_install': False, 'path': '/home/eragond/Documents/Robotica/DOA/src/action_doa', 'symlink_install': False, 'test_result_base': None}
[0.911s] Level 5:colcon.colcon_core.verb:set package 'doa' build argument 'cmake_args' from command line to 'None'
[0.911s] Level 5:colcon.colcon_core.verb:set package 'doa' build argument 'cmake_target' from command line to 'None'
[0.911s] Level 5:colcon.colcon_core.verb:set package 'doa' build argument 'cmake_target_skip_unavailable' from command line to 'False'
[0.911s] Level 5:colcon.colcon_core.verb:set package 'doa' build argument 'cmake_clean_cache' from command line to 'False'
[0.911s] Level 5:colcon.colcon_core.verb:set package 'doa' build argument 'cmake_clean_first' from command line to 'False'
[0.911s] Level 5:colcon.colcon_core.verb:set package 'doa' build argument 'cmake_force_configure' from command line to 'False'
[0.911s] Level 5:colcon.colcon_core.verb:set package 'doa' build argument 'ament_cmake_args' from command line to 'None'
[0.911s] Level 5:colcon.colcon_core.verb:set package 'doa' build argument 'catkin_cmake_args' from command line to 'None'
[0.911s] Level 5:colcon.colcon_core.verb:set package 'doa' build argument 'catkin_skip_building_tests' from command line to 'False'
[0.912s] DEBUG:colcon.colcon_core.verb:Building package 'doa' with the following arguments: {'ament_cmake_args': None, 'build_base': '/home/eragond/Documents/Robotica/DOA/build/doa', 'catkin_cmake_args': None, 'catkin_skip_building_tests': False, 'cmake_args': None, 'cmake_clean_cache': False, 'cmake_clean_first': False, 'cmake_force_configure': False, 'cmake_target': None, 'cmake_target_skip_unavailable': False, 'install_base': '/home/eragond/Documents/Robotica/DOA/install/doa', 'merge_install': False, 'path': '/home/eragond/Documents/Robotica/DOA/src/doa', 'symlink_install': False, 'test_result_base': None}
[0.914s] INFO:colcon.colcon_core.executor:Executing jobs using 'parallel' executor
[0.928s] DEBUG:colcon.colcon_parallel_executor.executor.parallel:run_until_complete
[0.929s] INFO:colcon.colcon_ros.task.ament_cmake.build:Building ROS package in '/home/eragond/Documents/Robotica/DOA/src/action_doa' with build type 'ament_cmake'
[0.929s] INFO:colcon.colcon_cmake.task.cmake.build:Building CMake package in '/home/eragond/Documents/Robotica/DOA/src/action_doa'
[0.942s] INFO:colcon.colcon_core.plugin_system:Skipping extension 'colcon_core.shell.bat': Not used on non-Windows systems
[0.943s] INFO:colcon.colcon_core.shell:Skip shell extension 'powershell' for command environment: Not usable outside of PowerShell
[0.943s] DEBUG:colcon.colcon_core.shell:Skip shell extension 'dsv' for command environment
[0.966s] INFO:colcon.colcon_ros.task.ament_python.build:Building ROS package in '/home/eragond/Documents/Robotica/DOA/src/doa' with build type 'ament_python'
[0.967s] Level 1:colcon.colcon_core.shell:create_environment_hook('doa', 'ament_prefix_path')
[0.974s] INFO:colcon.colcon_core.shell:Creating environment hook '/home/eragond/Documents/Robotica/DOA/install/doa/share/doa/hook/ament_prefix_path.ps1'
[0.977s] INFO:colcon.colcon_core.shell:Creating environment descriptor '/home/eragond/Documents/Robotica/DOA/install/doa/share/doa/hook/ament_prefix_path.dsv'
[0.979s] INFO:colcon.colcon_core.shell:Creating environment hook '/home/eragond/Documents/Robotica/DOA/install/doa/share/doa/hook/ament_prefix_path.sh'
[0.987s] INFO:colcon.colcon_core.shell:Skip shell extension 'powershell' for command environment: Not usable outside of PowerShell
[0.987s] DEBUG:colcon.colcon_core.shell:Skip shell extension 'dsv' for command environment
[1.031s] DEBUG:colcon.colcon_core.event_handler.log_command:Invoking command in '/home/eragond/Documents/Robotica/DOA/build/action_doa': CMAKE_PREFIX_PATH=${CMAKE_PREFIX_PATH}:/home/eragond/Documents/Robotica/DOA/install/doa:/home/eragond/Documents/Robotica/DOAActionService/install/doa:/home/eragond/Documents/Robotica/DOAActionService/install/DOA:/opt/ros/foxy /usr/bin/cmake --build /home/eragond/Documents/Robotica/DOA/build/action_doa -- -j4 -l4
[1.787s] INFO:colcon.colcon_core.task.python.build:Building Python package in '/home/eragond/Documents/Robotica/DOA/src/doa'
[1.793s] INFO:colcon.colcon_core.shell:Skip shell extension 'powershell' for command environment: Not usable outside of PowerShell
[1.793s] DEBUG:colcon.colcon_core.shell:Skip shell extension 'dsv' for command environment
[3.158s] DEBUG:colcon.colcon_core.event_handler.log_command:Invoking command in '/home/eragond/Documents/Robotica/DOA/src/doa': PYTHONPATH=/home/eragond/Documents/Robotica/DOA/build/doa/prefix_override:/home/eragond/Documents/Robotica/DOA/install/doa/lib/python3.8/site-packages:${PYTHONPATH} /usr/bin/python3 setup.py egg_info --egg-base ../../build/doa build --build-base /home/eragond/Documents/Robotica/DOA/build/doa/build install --record /home/eragond/Documents/Robotica/DOA/build/doa/install.log --install-scripts $base/lib/doa --single-version-externally-managed
[4.228s] DEBUG:colcon.colcon_core.event_handler.log_command:Invoked command in '/home/eragond/Documents/Robotica/DOA/src/doa' returned '0': PYTHONPATH=/home/eragond/Documents/Robotica/DOA/build/doa/prefix_override:/home/eragond/Documents/Robotica/DOA/install/doa/lib/python3.8/site-packages:${PYTHONPATH} /usr/bin/python3 setup.py egg_info --egg-base ../../build/doa build --build-base /home/eragond/Documents/Robotica/DOA/build/doa/build install --record /home/eragond/Documents/Robotica/DOA/build/doa/install.log --install-scripts $base/lib/doa --single-version-externally-managed
[4.245s] Level 1:colcon.colcon_core.environment:checking '/home/eragond/Documents/Robotica/DOA/install/doa' for CMake module files
[4.247s] Level 1:colcon.colcon_core.environment:checking '/home/eragond/Documents/Robotica/DOA/install/doa' for CMake config files
[4.250s] Level 1:colcon.colcon_core.environment:checking '/home/eragond/Documents/Robotica/DOA/install/doa/lib'
[4.250s] Level 1:colcon.colcon_core.environment:checking '/home/eragond/Documents/Robotica/DOA/install/doa/bin'
[4.251s] Level 1:colcon.colcon_core.environment:checking '/home/eragond/Documents/Robotica/DOA/install/doa/lib/pkgconfig/doa.pc'
[4.251s] Level 1:colcon.colcon_core.environment:checking '/home/eragond/Documents/Robotica/DOA/install/doa/lib/python3.8/site-packages'
[4.252s] Level 1:colcon.colcon_core.shell:create_environment_hook('doa', 'pythonpath')
[4.258s] INFO:colcon.colcon_core.shell:Creating environment hook '/home/eragond/Documents/Robotica/DOA/install/doa/share/doa/hook/pythonpath.ps1'
[4.260s] INFO:colcon.colcon_core.shell:Creating environment descriptor '/home/eragond/Documents/Robotica/DOA/install/doa/share/doa/hook/pythonpath.dsv'
[4.261s] INFO:colcon.colcon_core.shell:Creating environment hook '/home/eragond/Documents/Robotica/DOA/install/doa/share/doa/hook/pythonpath.sh'
[4.262s] Level 1:colcon.colcon_core.environment:checking '/home/eragond/Documents/Robotica/DOA/install/doa/bin'
[4.263s] Level 1:colcon.colcon_core.environment:create_environment_scripts_only(doa)
[4.269s] INFO:colcon.colcon_core.shell:Creating package script '/home/eragond/Documents/Robotica/DOA/install/doa/share/doa/package.ps1'
[4.272s] INFO:colcon.colcon_core.shell:Creating package descriptor '/home/eragond/Documents/Robotica/DOA/install/doa/share/doa/package.dsv'
[4.274s] INFO:colcon.colcon_core.shell:Creating package script '/home/eragond/Documents/Robotica/DOA/install/doa/share/doa/package.sh'
[4.278s] INFO:colcon.colcon_core.shell:Creating package script '/home/eragond/Documents/Robotica/DOA/install/doa/share/doa/package.bash'
[4.281s] INFO:colcon.colcon_core.shell:Creating package script '/home/eragond/Documents/Robotica/DOA/install/doa/share/doa/package.zsh'
[4.283s] Level 1:colcon.colcon_core.environment:create_file_with_runtime_dependencies(/home/eragond/Documents/Robotica/DOA/install/doa/share/colcon-core/packages/doa)
[15.395s] DEBUG:colcon.colcon_core.event_handler.log_command:Invoked command in '/home/eragond/Documents/Robotica/DOA/build/action_doa' returned '0': CMAKE_PREFIX_PATH=${CMAKE_PREFIX_PATH}:/home/eragond/Documents/Robotica/DOA/install/doa:/home/eragond/Documents/Robotica/DOAActionService/install/doa:/home/eragond/Documents/Robotica/DOAActionService/install/DOA:/opt/ros/foxy /usr/bin/cmake --build /home/eragond/Documents/Robotica/DOA/build/action_doa -- -j4 -l4
[15.580s] DEBUG:colcon.colcon_core.event_handler.log_command:Invoking command in '/home/eragond/Documents/Robotica/DOA/build/action_doa': CMAKE_PREFIX_PATH=${CMAKE_PREFIX_PATH}:/home/eragond/Documents/Robotica/DOA/install/doa:/home/eragond/Documents/Robotica/DOAActionService/install/doa:/home/eragond/Documents/Robotica/DOAActionService/install/DOA:/opt/ros/foxy /usr/bin/cmake --install /home/eragond/Documents/Robotica/DOA/build/action_doa
[15.756s] Level 1:colcon.colcon_core.environment:create_environment_scripts_only(action_doa)
[15.764s] Level 1:colcon.colcon_core.environment:checking '/home/eragond/Documents/Robotica/DOA/install/action_doa' for CMake module files
[15.766s] DEBUG:colcon.colcon_core.event_handler.log_command:Invoked command in '/home/eragond/Documents/Robotica/DOA/build/action_doa' returned '0': CMAKE_PREFIX_PATH=${CMAKE_PREFIX_PATH}:/home/eragond/Documents/Robotica/DOA/install/doa:/home/eragond/Documents/Robotica/DOAActionService/install/doa:/home/eragond/Documents/Robotica/DOAActionService/install/DOA:/opt/ros/foxy /usr/bin/cmake --install /home/eragond/Documents/Robotica/DOA/build/action_doa
[15.768s] Level 1:colcon.colcon_core.environment:checking '/home/eragond/Documents/Robotica/DOA/install/action_doa' for CMake config files
[15.769s] Level 1:colcon.colcon_core.shell:create_environment_hook('action_doa', 'cmake_prefix_path')
[15.774s] INFO:colcon.colcon_core.shell:Creating environment hook '/home/eragond/Documents/Robotica/DOA/install/action_doa/share/action_doa/hook/cmake_prefix_path.ps1'
[15.775s] INFO:colcon.colcon_core.shell:Creating environment descriptor '/home/eragond/Documents/Robotica/DOA/install/action_doa/share/action_doa/hook/cmake_prefix_path.dsv'
[15.776s] INFO:colcon.colcon_core.shell:Creating environment hook '/home/eragond/Documents/Robotica/DOA/install/action_doa/share/action_doa/hook/cmake_prefix_path.sh'
[15.777s] Level 1:colcon.colcon_core.environment:checking '/home/eragond/Documents/Robotica/DOA/install/action_doa/lib'
[15.778s] Level 1:colcon.colcon_core.shell:create_environment_hook('action_doa', 'ld_library_path_lib')
[15.782s] INFO:colcon.colcon_core.shell:Creating environment hook '/home/eragond/Documents/Robotica/DOA/install/action_doa/share/action_doa/hook/ld_library_path_lib.ps1'
[15.783s] INFO:colcon.colcon_core.shell:Creating environment descriptor '/home/eragond/Documents/Robotica/DOA/install/action_doa/share/action_doa/hook/ld_library_path_lib.dsv'
[15.784s] INFO:colcon.colcon_core.shell:Creating environment hook '/home/eragond/Documents/Robotica/DOA/install/action_doa/share/action_doa/hook/ld_library_path_lib.sh'
[15.785s] Level 1:colcon.colcon_core.environment:checking '/home/eragond/Documents/Robotica/DOA/install/action_doa/bin'
[15.785s] Level 1:colcon.colcon_core.environment:checking '/home/eragond/Documents/Robotica/DOA/install/action_doa/lib/pkgconfig/action_doa.pc'
[15.786s] Level 1:colcon.colcon_core.environment:checking '/home/eragond/Documents/Robotica/DOA/install/action_doa/lib/python3.8/site-packages'
[15.786s] Level 1:colcon.colcon_core.shell:create_environment_hook('action_doa', 'pythonpath')
[15.791s] INFO:colcon.colcon_core.shell:Creating environment hook '/home/eragond/Documents/Robotica/DOA/install/action_doa/share/action_doa/hook/pythonpath.ps1'
[15.792s] INFO:colcon.colcon_core.shell:Creating environment descriptor '/home/eragond/Documents/Robotica/DOA/install/action_doa/share/action_doa/hook/pythonpath.dsv'
[15.793s] INFO:colcon.colcon_core.shell:Creating environment hook '/home/eragond/Documents/Robotica/DOA/install/action_doa/share/action_doa/hook/pythonpath.sh'
[15.794s] Level 1:colcon.colcon_core.environment:checking '/home/eragond/Documents/Robotica/DOA/install/action_doa/bin'
[15.799s] INFO:colcon.colcon_core.shell:Creating package script '/home/eragond/Documents/Robotica/DOA/install/action_doa/share/action_doa/package.ps1'
[15.801s] INFO:colcon.colcon_core.shell:Creating package descriptor '/home/eragond/Documents/Robotica/DOA/install/action_doa/share/action_doa/package.dsv'
[15.802s] INFO:colcon.colcon_core.shell:Creating package script '/home/eragond/Documents/Robotica/DOA/install/action_doa/share/action_doa/package.sh'
[15.803s] INFO:colcon.colcon_core.shell:Creating package script '/home/eragond/Documents/Robotica/DOA/install/action_doa/share/action_doa/package.bash'
[15.804s] INFO:colcon.colcon_core.shell:Creating package script '/home/eragond/Documents/Robotica/DOA/install/action_doa/share/action_doa/package.zsh'
[15.805s] Level 1:colcon.colcon_core.environment:create_file_with_runtime_dependencies(/home/eragond/Documents/Robotica/DOA/install/action_doa/share/colcon-core/packages/action_doa)
[15.932s] Level 1:colcon.colcon_core.environment:create_environment_scripts_only(action_doa)
[15.939s] Level 1:colcon.colcon_core.environment:checking '/home/eragond/Documents/Robotica/DOA/install/action_doa' for CMake module files
[15.942s] Level 1:colcon.colcon_core.environment:checking '/home/eragond/Documents/Robotica/DOA/install/action_doa' for CMake config files
[15.944s] Level 1:colcon.colcon_core.shell:create_environment_hook('action_doa', 'cmake_prefix_path')
[15.949s] INFO:colcon.colcon_core.shell:Creating environment hook '/home/eragond/Documents/Robotica/DOA/install/action_doa/share/action_doa/hook/cmake_prefix_path.ps1'
[15.950s] INFO:colcon.colcon_core.shell:Creating environment descriptor '/home/eragond/Documents/Robotica/DOA/install/action_doa/share/action_doa/hook/cmake_prefix_path.dsv'
[15.951s] INFO:colcon.colcon_core.shell:Creating environment hook '/home/eragond/Documents/Robotica/DOA/install/action_doa/share/action_doa/hook/cmake_prefix_path.sh'
[15.952s] Level 1:colcon.colcon_core.environment:checking '/home/eragond/Documents/Robotica/DOA/install/action_doa/lib'
[15.952s] Level 1:colcon.colcon_core.shell:create_environment_hook('action_doa', 'ld_library_path_lib')
[15.957s] INFO:colcon.colcon_core.shell:Creating environment hook '/home/eragond/Documents/Robotica/DOA/install/action_doa/share/action_doa/hook/ld_library_path_lib.ps1'
[15.958s] INFO:colcon.colcon_core.shell:Creating environment descriptor '/home/eragond/Documents/Robotica/DOA/install/action_doa/share/action_doa/hook/ld_library_path_lib.dsv'
[15.959s] INFO:colcon.colcon_core.shell:Creating environment hook '/home/eragond/Documents/Robotica/DOA/install/action_doa/share/action_doa/hook/ld_library_path_lib.sh'
[15.960s] Level 1:colcon.colcon_core.environment:checking '/home/eragond/Documents/Robotica/DOA/install/action_doa/bin'
[15.960s] Level 1:colcon.colcon_core.environment:checking '/home/eragond/Documents/Robotica/DOA/install/action_doa/lib/pkgconfig/action_doa.pc'
[15.961s] Level 1:colcon.colcon_core.environment:checking '/home/eragond/Documents/Robotica/DOA/install/action_doa/lib/python3.8/site-packages'
[15.961s] Level 1:colcon.colcon_core.shell:create_environment_hook('action_doa', 'pythonpath')
[15.966s] INFO:colcon.colcon_core.shell:Creating environment hook '/home/eragond/Documents/Robotica/DOA/install/action_doa/share/action_doa/hook/pythonpath.ps1'
[15.967s] INFO:colcon.colcon_core.shell:Creating environment descriptor '/home/eragond/Documents/Robotica/DOA/install/action_doa/share/action_doa/hook/pythonpath.dsv'
[15.967s] INFO:colcon.colcon_core.shell:Creating environment hook '/home/eragond/Documents/Robotica/DOA/install/action_doa/share/action_doa/hook/pythonpath.sh'
[15.969s] Level 1:colcon.colcon_core.environment:checking '/home/eragond/Documents/Robotica/DOA/install/action_doa/bin'
[15.974s] INFO:colcon.colcon_core.shell:Creating package script '/home/eragond/Documents/Robotica/DOA/install/action_doa/share/action_doa/package.ps1'
[15.976s] INFO:colcon.colcon_core.shell:Creating package descriptor '/home/eragond/Documents/Robotica/DOA/install/action_doa/share/action_doa/package.dsv'
[15.978s] INFO:colcon.colcon_core.shell:Creating package script '/home/eragond/Documents/Robotica/DOA/install/action_doa/share/action_doa/package.sh'
[15.979s] INFO:colcon.colcon_core.shell:Creating package script '/home/eragond/Documents/Robotica/DOA/install/action_doa/share/action_doa/package.bash'
[15.980s] INFO:colcon.colcon_core.shell:Creating package script '/home/eragond/Documents/Robotica/DOA/install/action_doa/share/action_doa/package.zsh'
[15.981s] Level 1:colcon.colcon_core.environment:create_file_with_runtime_dependencies(/home/eragond/Documents/Robotica/DOA/install/action_doa/share/colcon-core/packages/action_doa)
[15.982s] DEBUG:colcon.colcon_parallel_executor.executor.parallel:closing loop
[15.983s] DEBUG:colcon.colcon_parallel_executor.executor.parallel:loop closed
[15.983s] DEBUG:colcon.colcon_parallel_executor.executor.parallel:run_until_complete finished with '0'
[15.984s] DEBUG:colcon.colcon_core.event_reactor:joining thread
[16.004s] INFO:colcon.colcon_core.plugin_system:Skipping extension 'colcon_notification.desktop_notification.terminal_notifier': Not used on non-Darwin systems
[16.004s] INFO:colcon.colcon_core.plugin_system:Skipping extension 'colcon_notification.desktop_notification.win32': Not used on non-Windows systems
[16.004s] INFO:colcon.colcon_notification.desktop_notification:Sending desktop notification using 'notify2'
[16.033s] DEBUG:colcon.colcon_core.event_reactor:joined thread
[16.041s] INFO:colcon.colcon_core.shell:Creating prefix script '/home/eragond/Documents/Robotica/DOA/install/local_setup.ps1'
[16.044s] INFO:colcon.colcon_core.shell:Creating prefix util module '/home/eragond/Documents/Robotica/DOA/install/_local_setup_util_ps1.py'
[16.048s] INFO:colcon.colcon_core.shell:Creating prefix chain script '/home/eragond/Documents/Robotica/DOA/install/setup.ps1'
[16.053s] INFO:colcon.colcon_core.shell:Creating prefix script '/home/eragond/Documents/Robotica/DOA/install/local_setup.sh'
[16.055s] INFO:colcon.colcon_core.shell:Creating prefix util module '/home/eragond/Documents/Robotica/DOA/install/_local_setup_util_sh.py'
[16.056s] INFO:colcon.colcon_core.shell:Creating prefix chain script '/home/eragond/Documents/Robotica/DOA/install/setup.sh'
[16.061s] INFO:colcon.colcon_core.shell:Creating prefix script '/home/eragond/Documents/Robotica/DOA/install/local_setup.bash'
[16.062s] INFO:colcon.colcon_core.shell:Creating prefix chain script '/home/eragond/Documents/Robotica/DOA/install/setup.bash'
[16.066s] INFO:colcon.colcon_core.shell:Creating prefix script '/home/eragond/Documents/Robotica/DOA/install/local_setup.zsh'
[16.068s] INFO:colcon.colcon_core.shell:Creating prefix chain script '/home/eragond/Documents/Robotica/DOA/install/setup.zsh'
