[2.119s] Invoking command in '/home/eragond/Documents/Robotica/DOA/src/doa': PYTHONPATH=/home/eragond/Documents/Robotica/DOA/build/doa/prefix_override:/home/eragond/Documents/Robotica/DOA/install/doa/lib/python3.8/site-packages:${PYTHONPATH} /usr/bin/python3 setup.py egg_info --egg-base ../../build/doa build --build-base /home/eragond/Documents/Robotica/DOA/build/doa/build install --record /home/eragond/Documents/Robotica/DOA/build/doa/install.log --install-scripts $base/lib/doa --single-version-externally-managed
[2.812s] running egg_info
[2.813s] writing ../../build/doa/doa.egg-info/PKG-INFO
[2.814s] writing dependency_links to ../../build/doa/doa.egg-info/dependency_links.txt
[2.815s] writing entry points to ../../build/doa/doa.egg-info/entry_points.txt
[2.815s] writing requirements to ../../build/doa/doa.egg-info/requires.txt
[2.815s] writing top-level names to ../../build/doa/doa.egg-info/top_level.txt
[2.926s] reading manifest file '../../build/doa/doa.egg-info/SOURCES.txt'
[2.929s] writing manifest file '../../build/doa/doa.egg-info/SOURCES.txt'
[2.929s] running build
[2.930s] running build_py
[2.930s] copying doa/doa_action_server.py -> /home/eragond/Documents/Robotica/DOA/build/doa/build/lib/doa
[2.931s] running install
[2.933s] running install_lib
[2.936s] copying /home/eragond/Documents/Robotica/DOA/build/doa/build/lib/doa/doa_action_server.py -> /home/eragond/Documents/Robotica/DOA/install/doa/lib/python3.8/site-packages/doa
[2.937s] byte-compiling /home/eragond/Documents/Robotica/DOA/install/doa/lib/python3.8/site-packages/doa/doa_action_client.py to doa_action_client.cpython-38.pyc
[2.942s] byte-compiling /home/eragond/Documents/Robotica/DOA/install/doa/lib/python3.8/site-packages/doa/tuning.py to tuning.cpython-38.pyc
[2.949s] byte-compiling /home/eragond/Documents/Robotica/DOA/install/doa/lib/python3.8/site-packages/doa/doa_action_server.py to doa_action_server.cpython-38.pyc
[2.949s]   File "/home/eragond/Documents/Robotica/DOA/install/doa/lib/python3.8/site-packages/doa/doa_action_server.py", line 49
[2.950s]     if(direccion < 10 and direccion > 0)
[2.950s]                                        ^
[2.950s] SyntaxError: invalid syntax
[2.950s] 
[2.951s] running install_data
[2.951s] running install_egg_info
[2.955s] removing '/home/eragond/Documents/Robotica/DOA/install/doa/lib/python3.8/site-packages/doa-0.0.0-py3.8.egg-info' (and everything under it)
[2.956s] Copying ../../build/doa/doa.egg-info to /home/eragond/Documents/Robotica/DOA/install/doa/lib/python3.8/site-packages/doa-0.0.0-py3.8.egg-info
[2.958s] running install_scripts
[3.005s] Installing client script to /home/eragond/Documents/Robotica/DOA/install/doa/lib/doa
[3.005s] Installing server script to /home/eragond/Documents/Robotica/DOA/install/doa/lib/doa
[3.006s] writing list of installed files to '/home/eragond/Documents/Robotica/DOA/build/doa/install.log'
[3.071s] Invoked command in '/home/eragond/Documents/Robotica/DOA/src/doa' returned '0': PYTHONPATH=/home/eragond/Documents/Robotica/DOA/build/doa/prefix_override:/home/eragond/Documents/Robotica/DOA/install/doa/lib/python3.8/site-packages:${PYTHONPATH} /usr/bin/python3 setup.py egg_info --egg-base ../../build/doa build --build-base /home/eragond/Documents/Robotica/DOA/build/doa/build install --record /home/eragond/Documents/Robotica/DOA/build/doa/install.log --install-scripts $base/lib/doa --single-version-externally-managed
