[0.471s] DEBUG:colcon:Command line arguments: ['/usr/bin/colcon', 'build']
[0.472s] DEBUG:colcon:Parsed command line arguments: Namespace(allow_overriding=[], ament_cmake_args=None, base_paths=['.'], build_base='build', catkin_cmake_args=None, catkin_skip_building_tests=False, cmake_args=None, cmake_clean_cache=False, cmake_clean_first=False, cmake_force_configure=False, cmake_target=None, cmake_target_skip_unavailable=False, continue_on_error=False, event_handlers=None, executor='parallel', ignore_user_meta=False, install_base='install', log_base=None, log_level=None, main=<bound method BuildVerb.main of <colcon_core.verb.build.BuildVerb object at 0x7f332fe419d0>>, merge_install=False, metas=['./colcon.meta'], packages_above=None, packages_above_and_dependencies=None, packages_above_depth=None, packages_end=None, packages_ignore=None, packages_ignore_regex=None, packages_select=None, packages_select_build_failed=False, packages_select_by_dep=None, packages_select_regex=None, packages_select_test_failures=False, packages_skip=None, packages_skip_build_finished=False, packages_skip_by_dep=None, packages_skip_regex=None, packages_skip_test_passed=False, packages_skip_up_to=None, packages_start=None, packages_up_to=None, packages_up_to_regex=None, parallel_workers=4, paths=None, symlink_install=False, test_result_base=None, verb_extension=<colcon_core.verb.build.BuildVerb object at 0x7f332fe419d0>, verb_name='build', verb_parser=<colcon_defaults.argument_parser.defaults.DefaultArgumentsDecorator object at 0x7f332fe41f40>)
[0.553s] Level 1:colcon.colcon_core.package_discovery:discover_packages(colcon_meta) check parameters
[0.553s] Level 1:colcon.colcon_core.package_discovery:discover_packages(recursive) check parameters
[0.554s] Level 1:colcon.colcon_core.package_discovery:discover_packages(ignore) check parameters
[0.554s] Level 1:colcon.colcon_core.package_discovery:discover_packages(path) check parameters
[0.554s] Level 1:colcon.colcon_core.package_discovery:discover_packages(colcon_meta) discover
[0.554s] Level 1:colcon.colcon_core.package_discovery:discover_packages(recursive) discover
[0.554s] INFO:colcon.colcon_core.package_discovery:Crawling recursively for packages in '/home/eragond/Documents/Robotica/DOAActionService'
[0.555s] Level 1:colcon.colcon_core.package_identification:_identify(.) by extensions ['ignore', 'ignore_ament_install']
[0.555s] Level 1:colcon.colcon_core.package_identification:_identify(.) by extension 'ignore'
[0.555s] Level 1:colcon.colcon_core.package_identification:_identify(.) by extension 'ignore_ament_install'
[0.555s] Level 1:colcon.colcon_core.package_identification:_identify(.) by extensions ['colcon_pkg']
[0.556s] Level 1:colcon.colcon_core.package_identification:_identify(.) by extension 'colcon_pkg'
[0.556s] Level 1:colcon.colcon_core.package_identification:_identify(.) by extensions ['colcon_meta']
[0.556s] Level 1:colcon.colcon_core.package_identification:_identify(.) by extension 'colcon_meta'
[0.556s] Level 1:colcon.colcon_core.package_identification:_identify(.) by extensions ['ros']
[0.556s] Level 1:colcon.colcon_core.package_identification:_identify(.) by extension 'ros'
[0.623s] Level 1:colcon.colcon_core.package_identification:_identify(.) by extensions ['cmake', 'python']
[0.623s] Level 1:colcon.colcon_core.package_identification:_identify(.) by extension 'cmake'
[0.624s] Level 1:colcon.colcon_core.package_identification:_identify(.) by extension 'python'
[0.624s] Level 1:colcon.colcon_core.package_identification:_identify(.) by extensions ['python_setup_py']
[0.624s] Level 1:colcon.colcon_core.package_identification:_identify(.) by extension 'python_setup_py'
[0.624s] Level 1:colcon.colcon_core.package_identification:_identify(build) by extensions ['ignore', 'ignore_ament_install']
[0.625s] Level 1:colcon.colcon_core.package_identification:_identify(build) by extension 'ignore'
[0.625s] Level 1:colcon.colcon_core.package_identification:_identify(build) ignored
[0.625s] Level 1:colcon.colcon_core.package_identification:_identify(install) by extensions ['ignore', 'ignore_ament_install']
[0.625s] Level 1:colcon.colcon_core.package_identification:_identify(install) by extension 'ignore'
[0.625s] Level 1:colcon.colcon_core.package_identification:_identify(install) ignored
[0.626s] Level 1:colcon.colcon_core.package_identification:_identify(log) by extensions ['ignore', 'ignore_ament_install']
[0.626s] Level 1:colcon.colcon_core.package_identification:_identify(log) by extension 'ignore'
[0.626s] Level 1:colcon.colcon_core.package_identification:_identify(log) ignored
[0.626s] Level 1:colcon.colcon_core.package_identification:_identify(src) by extensions ['ignore', 'ignore_ament_install']
[0.627s] Level 1:colcon.colcon_core.package_identification:_identify(src) by extension 'ignore'
[0.627s] Level 1:colcon.colcon_core.package_identification:_identify(src) by extension 'ignore_ament_install'
[0.627s] Level 1:colcon.colcon_core.package_identification:_identify(src) by extensions ['colcon_pkg']
[0.627s] Level 1:colcon.colcon_core.package_identification:_identify(src) by extension 'colcon_pkg'
[0.627s] Level 1:colcon.colcon_core.package_identification:_identify(src) by extensions ['colcon_meta']
[0.627s] Level 1:colcon.colcon_core.package_identification:_identify(src) by extension 'colcon_meta'
[0.628s] Level 1:colcon.colcon_core.package_identification:_identify(src) by extensions ['ros']
[0.628s] Level 1:colcon.colcon_core.package_identification:_identify(src) by extension 'ros'
[0.628s] Level 1:colcon.colcon_core.package_identification:_identify(src) by extensions ['cmake', 'python']
[0.628s] Level 1:colcon.colcon_core.package_identification:_identify(src) by extension 'cmake'
[0.628s] Level 1:colcon.colcon_core.package_identification:_identify(src) by extension 'python'
[0.628s] Level 1:colcon.colcon_core.package_identification:_identify(src) by extensions ['python_setup_py']
[0.628s] Level 1:colcon.colcon_core.package_identification:_identify(src) by extension 'python_setup_py'
[0.629s] Level 1:colcon.colcon_core.package_identification:_identify(src/action_doa) by extensions ['ignore', 'ignore_ament_install']
[0.629s] Level 1:colcon.colcon_core.package_identification:_identify(src/action_doa) by extension 'ignore'
[0.629s] Level 1:colcon.colcon_core.package_identification:_identify(src/action_doa) by extension 'ignore_ament_install'
[0.629s] Level 1:colcon.colcon_core.package_identification:_identify(src/action_doa) by extensions ['colcon_pkg']
[0.629s] Level 1:colcon.colcon_core.package_identification:_identify(src/action_doa) by extension 'colcon_pkg'
[0.630s] Level 1:colcon.colcon_core.package_identification:_identify(src/action_doa) by extensions ['colcon_meta']
[0.630s] Level 1:colcon.colcon_core.package_identification:_identify(src/action_doa) by extension 'colcon_meta'
[0.630s] Level 1:colcon.colcon_core.package_identification:_identify(src/action_doa) by extensions ['ros']
[0.630s] Level 1:colcon.colcon_core.package_identification:_identify(src/action_doa) by extension 'ros'
[0.638s] DEBUG:colcon.colcon_core.package_identification:Package 'src/action_doa' with type 'ros.ament_cmake' and name 'action_doa'
[0.639s] Level 1:colcon.colcon_core.package_identification:_identify(src/doa) by extensions ['ignore', 'ignore_ament_install']
[0.639s] Level 1:colcon.colcon_core.package_identification:_identify(src/doa) by extension 'ignore'
[0.639s] Level 1:colcon.colcon_core.package_identification:_identify(src/doa) by extension 'ignore_ament_install'
[0.639s] Level 1:colcon.colcon_core.package_identification:_identify(src/doa) by extensions ['colcon_pkg']
[0.640s] Level 1:colcon.colcon_core.package_identification:_identify(src/doa) by extension 'colcon_pkg'
[0.640s] Level 1:colcon.colcon_core.package_identification:_identify(src/doa) by extensions ['colcon_meta']
[0.640s] Level 1:colcon.colcon_core.package_identification:_identify(src/doa) by extension 'colcon_meta'
[0.640s] Level 1:colcon.colcon_core.package_identification:_identify(src/doa) by extensions ['ros']
[0.640s] Level 1:colcon.colcon_core.package_identification:_identify(src/doa) by extension 'ros'
[0.642s] DEBUG:colcon.colcon_core.package_identification:Package 'src/doa' with type 'ros.ament_python' and name 'doa'
[0.642s] Level 1:colcon.colcon_core.package_discovery:discover_packages(recursive) using defaults
[0.642s] Level 1:colcon.colcon_core.package_discovery:discover_packages(ignore) discover
[0.642s] Level 1:colcon.colcon_core.package_discovery:discover_packages(ignore) using defaults
[0.642s] Level 1:colcon.colcon_core.package_discovery:discover_packages(path) discover
[0.642s] Level 1:colcon.colcon_core.package_discovery:discover_packages(path) using defaults
[0.707s] Level 1:colcon.colcon_core.package_discovery:discover_packages(prefix_path) check parameters
[0.707s] Level 1:colcon.colcon_core.package_discovery:discover_packages(prefix_path) discover
[0.712s] WARNING:colcon.colcon_ros.prefix_path.ament:The path '/home/eragond/Documents/Robotica/DOAActionService/install/action_doa' in the environment variable AMENT_PREFIX_PATH doesn't exist
[0.712s] WARNING:colcon.colcon_ros.prefix_path.ament:The path '/home/eragond/Documents/Robotica/DOAActionService/install/doa' in the environment variable AMENT_PREFIX_PATH doesn't exist
[0.712s] WARNING:colcon.colcon_ros.prefix_path.ament:The path '/home/eragond/Documents/Robotica/DOAActionService/install/DOA' in the environment variable AMENT_PREFIX_PATH doesn't exist
[0.712s] WARNING:colcon.colcon_ros.prefix_path.catkin:The path '/home/eragond/Documents/Robotica/DOAActionService/install/action_doa' in the environment variable CMAKE_PREFIX_PATH doesn't exist
[0.716s] DEBUG:colcon.colcon_installed_package_information.package_discovery:Found 0 installed packages in /home/eragond/Documents/Robotica/DOAActionService/install
[0.723s] DEBUG:colcon.colcon_installed_package_information.package_discovery:Found 270 installed packages in /opt/ros/foxy
[0.732s] Level 1:colcon.colcon_core.package_discovery:discover_packages(prefix_path) using defaults
[0.967s] Level 5:colcon.colcon_core.verb:set package 'action_doa' build argument 'cmake_args' from command line to 'None'
[0.967s] Level 5:colcon.colcon_core.verb:set package 'action_doa' build argument 'cmake_target' from command line to 'None'
[0.967s] Level 5:colcon.colcon_core.verb:set package 'action_doa' build argument 'cmake_target_skip_unavailable' from command line to 'False'
[0.967s] Level 5:colcon.colcon_core.verb:set package 'action_doa' build argument 'cmake_clean_cache' from command line to 'False'
[0.967s] Level 5:colcon.colcon_core.verb:set package 'action_doa' build argument 'cmake_clean_first' from command line to 'False'
[0.968s] Level 5:colcon.colcon_core.verb:set package 'action_doa' build argument 'cmake_force_configure' from command line to 'False'
[0.968s] Level 5:colcon.colcon_core.verb:set package 'action_doa' build argument 'ament_cmake_args' from command line to 'None'
[0.968s] Level 5:colcon.colcon_core.verb:set package 'action_doa' build argument 'catkin_cmake_args' from command line to 'None'
[0.968s] Level 5:colcon.colcon_core.verb:set package 'action_doa' build argument 'catkin_skip_building_tests' from command line to 'False'
[0.968s] DEBUG:colcon.colcon_core.verb:Building package 'action_doa' with the following arguments: {'ament_cmake_args': None, 'build_base': '/home/eragond/Documents/Robotica/DOAActionService/build/action_doa', 'catkin_cmake_args': None, 'catkin_skip_building_tests': False, 'cmake_args': None, 'cmake_clean_cache': False, 'cmake_clean_first': False, 'cmake_force_configure': False, 'cmake_target': None, 'cmake_target_skip_unavailable': False, 'install_base': '/home/eragond/Documents/Robotica/DOAActionService/install/action_doa', 'merge_install': False, 'path': '/home/eragond/Documents/Robotica/DOAActionService/src/action_doa', 'symlink_install': False, 'test_result_base': None}
[0.973s] Level 5:colcon.colcon_core.verb:set package 'doa' build argument 'cmake_args' from command line to 'None'
[0.973s] Level 5:colcon.colcon_core.verb:set package 'doa' build argument 'cmake_target' from command line to 'None'
[0.973s] Level 5:colcon.colcon_core.verb:set package 'doa' build argument 'cmake_target_skip_unavailable' from command line to 'False'
[0.973s] Level 5:colcon.colcon_core.verb:set package 'doa' build argument 'cmake_clean_cache' from command line to 'False'
[0.973s] Level 5:colcon.colcon_core.verb:set package 'doa' build argument 'cmake_clean_first' from command line to 'False'
[0.973s] Level 5:colcon.colcon_core.verb:set package 'doa' build argument 'cmake_force_configure' from command line to 'False'
[0.973s] Level 5:colcon.colcon_core.verb:set package 'doa' build argument 'ament_cmake_args' from command line to 'None'
[0.974s] Level 5:colcon.colcon_core.verb:set package 'doa' build argument 'catkin_cmake_args' from command line to 'None'
[0.974s] Level 5:colcon.colcon_core.verb:set package 'doa' build argument 'catkin_skip_building_tests' from command line to 'False'
[0.974s] DEBUG:colcon.colcon_core.verb:Building package 'doa' with the following arguments: {'ament_cmake_args': None, 'build_base': '/home/eragond/Documents/Robotica/DOAActionService/build/doa', 'catkin_cmake_args': None, 'catkin_skip_building_tests': False, 'cmake_args': None, 'cmake_clean_cache': False, 'cmake_clean_first': False, 'cmake_force_configure': False, 'cmake_target': None, 'cmake_target_skip_unavailable': False, 'install_base': '/home/eragond/Documents/Robotica/DOAActionService/install/doa', 'merge_install': False, 'path': '/home/eragond/Documents/Robotica/DOAActionService/src/doa', 'symlink_install': False, 'test_result_base': None}
[0.977s] INFO:colcon.colcon_core.executor:Executing jobs using 'parallel' executor
[0.995s] DEBUG:colcon.colcon_parallel_executor.executor.parallel:run_until_complete
[0.996s] INFO:colcon.colcon_ros.task.ament_cmake.build:Building ROS package in '/home/eragond/Documents/Robotica/DOAActionService/src/action_doa' with build type 'ament_cmake'
[0.996s] INFO:colcon.colcon_cmake.task.cmake.build:Building CMake package in '/home/eragond/Documents/Robotica/DOAActionService/src/action_doa'
[1.011s] INFO:colcon.colcon_core.plugin_system:Skipping extension 'colcon_core.shell.bat': Not used on non-Windows systems
[1.012s] INFO:colcon.colcon_core.shell:Skip shell extension 'powershell' for command environment: Not usable outside of PowerShell
[1.012s] DEBUG:colcon.colcon_core.shell:Skip shell extension 'dsv' for command environment
[1.035s] INFO:colcon.colcon_ros.task.ament_python.build:Building ROS package in '/home/eragond/Documents/Robotica/DOAActionService/src/doa' with build type 'ament_python'
[1.036s] Level 1:colcon.colcon_core.shell:create_environment_hook('doa', 'ament_prefix_path')
[1.045s] INFO:colcon.colcon_core.shell:Creating environment hook '/home/eragond/Documents/Robotica/DOAActionService/install/doa/share/doa/hook/ament_prefix_path.ps1'
[1.047s] INFO:colcon.colcon_core.shell:Creating environment descriptor '/home/eragond/Documents/Robotica/DOAActionService/install/doa/share/doa/hook/ament_prefix_path.dsv'
[1.049s] INFO:colcon.colcon_core.shell:Creating environment hook '/home/eragond/Documents/Robotica/DOAActionService/install/doa/share/doa/hook/ament_prefix_path.sh'
[1.056s] INFO:colcon.colcon_core.shell:Skip shell extension 'powershell' for command environment: Not usable outside of PowerShell
[1.056s] DEBUG:colcon.colcon_core.shell:Skip shell extension 'dsv' for command environment
[1.100s] DEBUG:colcon.colcon_core.event_handler.log_command:Invoking command in '/home/eragond/Documents/Robotica/DOAActionService/build/action_doa': CMAKE_PREFIX_PATH=${CMAKE_PREFIX_PATH}:/home/eragond/Documents/Robotica/DOAActionService/install/doa:/home/eragond/Documents/Robotica/DOAActionService/install/DOA:/opt/ros/foxy /usr/bin/cmake /home/eragond/Documents/Robotica/DOAActionService/src/action_doa -DCMAKE_INSTALL_PREFIX=/home/eragond/Documents/Robotica/DOAActionService/install/action_doa
[1.990s] INFO:colcon.colcon_core.task.python.build:Building Python package in '/home/eragond/Documents/Robotica/DOAActionService/src/doa'
[1.996s] INFO:colcon.colcon_core.shell:Skip shell extension 'powershell' for command environment: Not usable outside of PowerShell
[1.997s] DEBUG:colcon.colcon_core.shell:Skip shell extension 'dsv' for command environment
[3.662s] DEBUG:colcon.colcon_core.event_handler.log_command:Invoking command in '/home/eragond/Documents/Robotica/DOAActionService/src/doa': PYTHONPATH=/home/eragond/Documents/Robotica/DOAActionService/build/doa/prefix_override:/home/eragond/Documents/Robotica/DOAActionService/install/doa/lib/python3.8/site-packages:${PYTHONPATH} /usr/bin/python3 setup.py egg_info --egg-base ../../build/doa build --build-base /home/eragond/Documents/Robotica/DOAActionService/build/doa/build install --record /home/eragond/Documents/Robotica/DOAActionService/build/doa/install.log --install-scripts $base/lib/doa --single-version-externally-managed
[4.748s] DEBUG:colcon.colcon_core.event_handler.log_command:Invoked command in '/home/eragond/Documents/Robotica/DOAActionService/src/doa' returned '0': PYTHONPATH=/home/eragond/Documents/Robotica/DOAActionService/build/doa/prefix_override:/home/eragond/Documents/Robotica/DOAActionService/install/doa/lib/python3.8/site-packages:${PYTHONPATH} /usr/bin/python3 setup.py egg_info --egg-base ../../build/doa build --build-base /home/eragond/Documents/Robotica/DOAActionService/build/doa/build install --record /home/eragond/Documents/Robotica/DOAActionService/build/doa/install.log --install-scripts $base/lib/doa --single-version-externally-managed
[4.761s] Level 1:colcon.colcon_core.environment:checking '/home/eragond/Documents/Robotica/DOAActionService/install/doa' for CMake module files
[4.762s] Level 1:colcon.colcon_core.environment:checking '/home/eragond/Documents/Robotica/DOAActionService/install/doa' for CMake config files
[4.765s] Level 1:colcon.colcon_core.environment:checking '/home/eragond/Documents/Robotica/DOAActionService/install/doa/lib'
[4.765s] Level 1:colcon.colcon_core.environment:checking '/home/eragond/Documents/Robotica/DOAActionService/install/doa/bin'
[4.765s] Level 1:colcon.colcon_core.environment:checking '/home/eragond/Documents/Robotica/DOAActionService/install/doa/lib/pkgconfig/doa.pc'
[4.766s] Level 1:colcon.colcon_core.environment:checking '/home/eragond/Documents/Robotica/DOAActionService/install/doa/lib/python3.8/site-packages'
[4.766s] Level 1:colcon.colcon_core.shell:create_environment_hook('doa', 'pythonpath')
[4.771s] INFO:colcon.colcon_core.shell:Creating environment hook '/home/eragond/Documents/Robotica/DOAActionService/install/doa/share/doa/hook/pythonpath.ps1'
[4.772s] INFO:colcon.colcon_core.shell:Creating environment descriptor '/home/eragond/Documents/Robotica/DOAActionService/install/doa/share/doa/hook/pythonpath.dsv'
[4.773s] INFO:colcon.colcon_core.shell:Creating environment hook '/home/eragond/Documents/Robotica/DOAActionService/install/doa/share/doa/hook/pythonpath.sh'
[4.774s] Level 1:colcon.colcon_core.environment:checking '/home/eragond/Documents/Robotica/DOAActionService/install/doa/bin'
[4.775s] Level 1:colcon.colcon_core.environment:create_environment_scripts_only(doa)
[4.780s] INFO:colcon.colcon_core.shell:Creating package script '/home/eragond/Documents/Robotica/DOAActionService/install/doa/share/doa/package.ps1'
[4.782s] INFO:colcon.colcon_core.shell:Creating package descriptor '/home/eragond/Documents/Robotica/DOAActionService/install/doa/share/doa/package.dsv'
[4.784s] INFO:colcon.colcon_core.shell:Creating package script '/home/eragond/Documents/Robotica/DOAActionService/install/doa/share/doa/package.sh'
[4.786s] INFO:colcon.colcon_core.shell:Creating package script '/home/eragond/Documents/Robotica/DOAActionService/install/doa/share/doa/package.bash'
[4.788s] INFO:colcon.colcon_core.shell:Creating package script '/home/eragond/Documents/Robotica/DOAActionService/install/doa/share/doa/package.zsh'
[4.790s] Level 1:colcon.colcon_core.environment:create_file_with_runtime_dependencies(/home/eragond/Documents/Robotica/DOAActionService/install/doa/share/colcon-core/packages/doa)
[6.182s] DEBUG:colcon.colcon_core.event_handler.log_command:Invoked command in '/home/eragond/Documents/Robotica/DOAActionService/build/action_doa' returned '0': CMAKE_PREFIX_PATH=${CMAKE_PREFIX_PATH}:/home/eragond/Documents/Robotica/DOAActionService/install/doa:/home/eragond/Documents/Robotica/DOAActionService/install/DOA:/opt/ros/foxy /usr/bin/cmake /home/eragond/Documents/Robotica/DOAActionService/src/action_doa -DCMAKE_INSTALL_PREFIX=/home/eragond/Documents/Robotica/DOAActionService/install/action_doa
[6.192s] DEBUG:colcon.colcon_core.event_handler.log_command:Invoking command in '/home/eragond/Documents/Robotica/DOAActionService/build/action_doa': CMAKE_PREFIX_PATH=${CMAKE_PREFIX_PATH}:/home/eragond/Documents/Robotica/DOAActionService/install/doa:/home/eragond/Documents/Robotica/DOAActionService/install/DOA:/opt/ros/foxy /usr/bin/cmake --build /home/eragond/Documents/Robotica/DOAActionService/build/action_doa -- -j4 -l4
[20.803s] DEBUG:colcon.colcon_core.event_handler.log_command:Invoked command in '/home/eragond/Documents/Robotica/DOAActionService/build/action_doa' returned '0': CMAKE_PREFIX_PATH=${CMAKE_PREFIX_PATH}:/home/eragond/Documents/Robotica/DOAActionService/install/doa:/home/eragond/Documents/Robotica/DOAActionService/install/DOA:/opt/ros/foxy /usr/bin/cmake --build /home/eragond/Documents/Robotica/DOAActionService/build/action_doa -- -j4 -l4
[20.984s] DEBUG:colcon.colcon_core.event_handler.log_command:Invoking command in '/home/eragond/Documents/Robotica/DOAActionService/build/action_doa': CMAKE_PREFIX_PATH=${CMAKE_PREFIX_PATH}:/home/eragond/Documents/Robotica/DOAActionService/install/doa:/home/eragond/Documents/Robotica/DOAActionService/install/DOA:/opt/ros/foxy /usr/bin/cmake --install /home/eragond/Documents/Robotica/DOAActionService/build/action_doa
[21.171s] Level 1:colcon.colcon_core.environment:create_environment_scripts_only(action_doa)
[21.181s] Level 1:colcon.colcon_core.environment:checking '/home/eragond/Documents/Robotica/DOAActionService/install/action_doa' for CMake module files
[21.181s] DEBUG:colcon.colcon_core.event_handler.log_command:Invoked command in '/home/eragond/Documents/Robotica/DOAActionService/build/action_doa' returned '0': CMAKE_PREFIX_PATH=${CMAKE_PREFIX_PATH}:/home/eragond/Documents/Robotica/DOAActionService/install/doa:/home/eragond/Documents/Robotica/DOAActionService/install/DOA:/opt/ros/foxy /usr/bin/cmake --install /home/eragond/Documents/Robotica/DOAActionService/build/action_doa
[21.184s] Level 1:colcon.colcon_core.environment:checking '/home/eragond/Documents/Robotica/DOAActionService/install/action_doa' for CMake config files
[21.186s] Level 1:colcon.colcon_core.shell:create_environment_hook('action_doa', 'cmake_prefix_path')
[21.191s] INFO:colcon.colcon_core.shell:Creating environment hook '/home/eragond/Documents/Robotica/DOAActionService/install/action_doa/share/action_doa/hook/cmake_prefix_path.ps1'
[21.193s] INFO:colcon.colcon_core.shell:Creating environment descriptor '/home/eragond/Documents/Robotica/DOAActionService/install/action_doa/share/action_doa/hook/cmake_prefix_path.dsv'
[21.193s] INFO:colcon.colcon_core.shell:Creating environment hook '/home/eragond/Documents/Robotica/DOAActionService/install/action_doa/share/action_doa/hook/cmake_prefix_path.sh'
[21.195s] Level 1:colcon.colcon_core.environment:checking '/home/eragond/Documents/Robotica/DOAActionService/install/action_doa/lib'
[21.195s] Level 1:colcon.colcon_core.shell:create_environment_hook('action_doa', 'ld_library_path_lib')
[21.201s] INFO:colcon.colcon_core.shell:Creating environment hook '/home/eragond/Documents/Robotica/DOAActionService/install/action_doa/share/action_doa/hook/ld_library_path_lib.ps1'
[21.202s] INFO:colcon.colcon_core.shell:Creating environment descriptor '/home/eragond/Documents/Robotica/DOAActionService/install/action_doa/share/action_doa/hook/ld_library_path_lib.dsv'
[21.203s] INFO:colcon.colcon_core.shell:Creating environment hook '/home/eragond/Documents/Robotica/DOAActionService/install/action_doa/share/action_doa/hook/ld_library_path_lib.sh'
[21.204s] Level 1:colcon.colcon_core.environment:checking '/home/eragond/Documents/Robotica/DOAActionService/install/action_doa/bin'
[21.204s] Level 1:colcon.colcon_core.environment:checking '/home/eragond/Documents/Robotica/DOAActionService/install/action_doa/lib/pkgconfig/action_doa.pc'
[21.205s] Level 1:colcon.colcon_core.environment:checking '/home/eragond/Documents/Robotica/DOAActionService/install/action_doa/lib/python3.8/site-packages'
[21.205s] Level 1:colcon.colcon_core.shell:create_environment_hook('action_doa', 'pythonpath')
[21.210s] INFO:colcon.colcon_core.shell:Creating environment hook '/home/eragond/Documents/Robotica/DOAActionService/install/action_doa/share/action_doa/hook/pythonpath.ps1'
[21.211s] INFO:colcon.colcon_core.shell:Creating environment descriptor '/home/eragond/Documents/Robotica/DOAActionService/install/action_doa/share/action_doa/hook/pythonpath.dsv'
[21.212s] INFO:colcon.colcon_core.shell:Creating environment hook '/home/eragond/Documents/Robotica/DOAActionService/install/action_doa/share/action_doa/hook/pythonpath.sh'
[21.213s] Level 1:colcon.colcon_core.environment:checking '/home/eragond/Documents/Robotica/DOAActionService/install/action_doa/bin'
[21.218s] INFO:colcon.colcon_core.shell:Creating package script '/home/eragond/Documents/Robotica/DOAActionService/install/action_doa/share/action_doa/package.ps1'
[21.220s] INFO:colcon.colcon_core.shell:Creating package descriptor '/home/eragond/Documents/Robotica/DOAActionService/install/action_doa/share/action_doa/package.dsv'
[21.222s] INFO:colcon.colcon_core.shell:Creating package script '/home/eragond/Documents/Robotica/DOAActionService/install/action_doa/share/action_doa/package.sh'
[21.223s] INFO:colcon.colcon_core.shell:Creating package script '/home/eragond/Documents/Robotica/DOAActionService/install/action_doa/share/action_doa/package.bash'
[21.224s] INFO:colcon.colcon_core.shell:Creating package script '/home/eragond/Documents/Robotica/DOAActionService/install/action_doa/share/action_doa/package.zsh'
[21.224s] Level 1:colcon.colcon_core.environment:create_file_with_runtime_dependencies(/home/eragond/Documents/Robotica/DOAActionService/install/action_doa/share/colcon-core/packages/action_doa)
[21.357s] Level 1:colcon.colcon_core.environment:create_environment_scripts_only(action_doa)
[21.366s] Level 1:colcon.colcon_core.environment:checking '/home/eragond/Documents/Robotica/DOAActionService/install/action_doa' for CMake module files
[21.369s] Level 1:colcon.colcon_core.environment:checking '/home/eragond/Documents/Robotica/DOAActionService/install/action_doa' for CMake config files
[21.371s] Level 1:colcon.colcon_core.shell:create_environment_hook('action_doa', 'cmake_prefix_path')
[21.377s] INFO:colcon.colcon_core.shell:Creating environment hook '/home/eragond/Documents/Robotica/DOAActionService/install/action_doa/share/action_doa/hook/cmake_prefix_path.ps1'
[21.379s] INFO:colcon.colcon_core.shell:Creating environment descriptor '/home/eragond/Documents/Robotica/DOAActionService/install/action_doa/share/action_doa/hook/cmake_prefix_path.dsv'
[21.380s] INFO:colcon.colcon_core.shell:Creating environment hook '/home/eragond/Documents/Robotica/DOAActionService/install/action_doa/share/action_doa/hook/cmake_prefix_path.sh'
[21.381s] Level 1:colcon.colcon_core.environment:checking '/home/eragond/Documents/Robotica/DOAActionService/install/action_doa/lib'
[21.382s] Level 1:colcon.colcon_core.shell:create_environment_hook('action_doa', 'ld_library_path_lib')
[21.387s] INFO:colcon.colcon_core.shell:Creating environment hook '/home/eragond/Documents/Robotica/DOAActionService/install/action_doa/share/action_doa/hook/ld_library_path_lib.ps1'
[21.389s] INFO:colcon.colcon_core.shell:Creating environment descriptor '/home/eragond/Documents/Robotica/DOAActionService/install/action_doa/share/action_doa/hook/ld_library_path_lib.dsv'
[21.390s] INFO:colcon.colcon_core.shell:Creating environment hook '/home/eragond/Documents/Robotica/DOAActionService/install/action_doa/share/action_doa/hook/ld_library_path_lib.sh'
[21.390s] Level 1:colcon.colcon_core.environment:checking '/home/eragond/Documents/Robotica/DOAActionService/install/action_doa/bin'
[21.391s] Level 1:colcon.colcon_core.environment:checking '/home/eragond/Documents/Robotica/DOAActionService/install/action_doa/lib/pkgconfig/action_doa.pc'
[21.392s] Level 1:colcon.colcon_core.environment:checking '/home/eragond/Documents/Robotica/DOAActionService/install/action_doa/lib/python3.8/site-packages'
[21.392s] Level 1:colcon.colcon_core.shell:create_environment_hook('action_doa', 'pythonpath')
[21.398s] INFO:colcon.colcon_core.shell:Creating environment hook '/home/eragond/Documents/Robotica/DOAActionService/install/action_doa/share/action_doa/hook/pythonpath.ps1'
[21.400s] INFO:colcon.colcon_core.shell:Creating environment descriptor '/home/eragond/Documents/Robotica/DOAActionService/install/action_doa/share/action_doa/hook/pythonpath.dsv'
[21.401s] INFO:colcon.colcon_core.shell:Creating environment hook '/home/eragond/Documents/Robotica/DOAActionService/install/action_doa/share/action_doa/hook/pythonpath.sh'
[21.403s] Level 1:colcon.colcon_core.environment:checking '/home/eragond/Documents/Robotica/DOAActionService/install/action_doa/bin'
[21.410s] INFO:colcon.colcon_core.shell:Creating package script '/home/eragond/Documents/Robotica/DOAActionService/install/action_doa/share/action_doa/package.ps1'
[21.412s] INFO:colcon.colcon_core.shell:Creating package descriptor '/home/eragond/Documents/Robotica/DOAActionService/install/action_doa/share/action_doa/package.dsv'
[21.414s] INFO:colcon.colcon_core.shell:Creating package script '/home/eragond/Documents/Robotica/DOAActionService/install/action_doa/share/action_doa/package.sh'
[21.416s] INFO:colcon.colcon_core.shell:Creating package script '/home/eragond/Documents/Robotica/DOAActionService/install/action_doa/share/action_doa/package.bash'
[21.417s] INFO:colcon.colcon_core.shell:Creating package script '/home/eragond/Documents/Robotica/DOAActionService/install/action_doa/share/action_doa/package.zsh'
[21.418s] Level 1:colcon.colcon_core.environment:create_file_with_runtime_dependencies(/home/eragond/Documents/Robotica/DOAActionService/install/action_doa/share/colcon-core/packages/action_doa)
[21.418s] DEBUG:colcon.colcon_parallel_executor.executor.parallel:closing loop
[21.419s] DEBUG:colcon.colcon_parallel_executor.executor.parallel:loop closed
[21.419s] DEBUG:colcon.colcon_parallel_executor.executor.parallel:run_until_complete finished with '0'
[21.419s] DEBUG:colcon.colcon_core.event_reactor:joining thread
[21.449s] INFO:colcon.colcon_core.plugin_system:Skipping extension 'colcon_notification.desktop_notification.terminal_notifier': Not used on non-Darwin systems
[21.449s] INFO:colcon.colcon_core.plugin_system:Skipping extension 'colcon_notification.desktop_notification.win32': Not used on non-Windows systems
[21.449s] INFO:colcon.colcon_notification.desktop_notification:Sending desktop notification using 'notify2'
[21.484s] DEBUG:colcon.colcon_core.event_reactor:joined thread
[21.490s] INFO:colcon.colcon_core.shell:Creating prefix script '/home/eragond/Documents/Robotica/DOAActionService/install/local_setup.ps1'
[21.494s] INFO:colcon.colcon_core.shell:Creating prefix util module '/home/eragond/Documents/Robotica/DOAActionService/install/_local_setup_util_ps1.py'
[21.498s] INFO:colcon.colcon_core.shell:Creating prefix chain script '/home/eragond/Documents/Robotica/DOAActionService/install/setup.ps1'
[21.504s] INFO:colcon.colcon_core.shell:Creating prefix script '/home/eragond/Documents/Robotica/DOAActionService/install/local_setup.sh'
[21.506s] INFO:colcon.colcon_core.shell:Creating prefix util module '/home/eragond/Documents/Robotica/DOAActionService/install/_local_setup_util_sh.py'
[21.508s] INFO:colcon.colcon_core.shell:Creating prefix chain script '/home/eragond/Documents/Robotica/DOAActionService/install/setup.sh'
[21.512s] INFO:colcon.colcon_core.shell:Creating prefix script '/home/eragond/Documents/Robotica/DOAActionService/install/local_setup.bash'
[21.513s] INFO:colcon.colcon_core.shell:Creating prefix chain script '/home/eragond/Documents/Robotica/DOAActionService/install/setup.bash'
[21.518s] INFO:colcon.colcon_core.shell:Creating prefix script '/home/eragond/Documents/Robotica/DOAActionService/install/local_setup.zsh'
[21.519s] INFO:colcon.colcon_core.shell:Creating prefix chain script '/home/eragond/Documents/Robotica/DOAActionService/install/setup.zsh'
