[0.476s] DEBUG:colcon:Command line arguments: ['/usr/bin/colcon', 'build']
[0.476s] DEBUG:colcon:Parsed command line arguments: Namespace(allow_overriding=[], ament_cmake_args=None, base_paths=['.'], build_base='build', catkin_cmake_args=None, catkin_skip_building_tests=False, cmake_args=None, cmake_clean_cache=False, cmake_clean_first=False, cmake_force_configure=False, cmake_target=None, cmake_target_skip_unavailable=False, continue_on_error=False, event_handlers=None, executor='parallel', ignore_user_meta=False, install_base='install', log_base=None, log_level=None, main=<bound method BuildVerb.main of <colcon_core.verb.build.BuildVerb object at 0x7f1bfa2c9b50>>, merge_install=False, metas=['./colcon.meta'], packages_above=None, packages_above_and_dependencies=None, packages_above_depth=None, packages_end=None, packages_ignore=None, packages_ignore_regex=None, packages_select=None, packages_select_build_failed=False, packages_select_by_dep=None, packages_select_regex=None, packages_select_test_failures=False, packages_skip=None, packages_skip_build_finished=False, packages_skip_by_dep=None, packages_skip_regex=None, packages_skip_test_passed=False, packages_skip_up_to=None, packages_start=None, packages_up_to=None, packages_up_to_regex=None, parallel_workers=4, paths=None, symlink_install=False, test_result_base=None, verb_extension=<colcon_core.verb.build.BuildVerb object at 0x7f1bfa2c9b50>, verb_name='build', verb_parser=<colcon_defaults.argument_parser.defaults.DefaultArgumentsDecorator object at 0x7f1bfa2d5100>)
[0.541s] Level 1:colcon.colcon_core.package_discovery:discover_packages(colcon_meta) check parameters
[0.541s] Level 1:colcon.colcon_core.package_discovery:discover_packages(recursive) check parameters
[0.542s] Level 1:colcon.colcon_core.package_discovery:discover_packages(ignore) check parameters
[0.542s] Level 1:colcon.colcon_core.package_discovery:discover_packages(path) check parameters
[0.542s] Level 1:colcon.colcon_core.package_discovery:discover_packages(colcon_meta) discover
[0.542s] Level 1:colcon.colcon_core.package_discovery:discover_packages(recursive) discover
[0.542s] INFO:colcon.colcon_core.package_discovery:Crawling recursively for packages in '/home/eragond/Documents/Robotica/DOA'
[0.542s] Level 1:colcon.colcon_core.package_identification:_identify(.) by extensions ['ignore', 'ignore_ament_install']
[0.543s] Level 1:colcon.colcon_core.package_identification:_identify(.) by extension 'ignore'
[0.543s] Level 1:colcon.colcon_core.package_identification:_identify(.) by extension 'ignore_ament_install'
[0.543s] Level 1:colcon.colcon_core.package_identification:_identify(.) by extensions ['colcon_pkg']
[0.543s] Level 1:colcon.colcon_core.package_identification:_identify(.) by extension 'colcon_pkg'
[0.543s] Level 1:colcon.colcon_core.package_identification:_identify(.) by extensions ['colcon_meta']
[0.543s] Level 1:colcon.colcon_core.package_identification:_identify(.) by extension 'colcon_meta'
[0.543s] Level 1:colcon.colcon_core.package_identification:_identify(.) by extensions ['ros']
[0.543s] Level 1:colcon.colcon_core.package_identification:_identify(.) by extension 'ros'
[0.602s] Level 1:colcon.colcon_core.package_identification:_identify(.) by extensions ['cmake', 'python']
[0.602s] Level 1:colcon.colcon_core.package_identification:_identify(.) by extension 'cmake'
[0.602s] Level 1:colcon.colcon_core.package_identification:_identify(.) by extension 'python'
[0.602s] Level 1:colcon.colcon_core.package_identification:_identify(.) by extensions ['python_setup_py']
[0.602s] Level 1:colcon.colcon_core.package_identification:_identify(.) by extension 'python_setup_py'
[0.602s] Level 1:colcon.colcon_core.package_identification:_identify(build) by extensions ['ignore', 'ignore_ament_install']
[0.603s] Level 1:colcon.colcon_core.package_identification:_identify(build) by extension 'ignore'
[0.603s] Level 1:colcon.colcon_core.package_identification:_identify(build) ignored
[0.603s] Level 1:colcon.colcon_core.package_identification:_identify(install) by extensions ['ignore', 'ignore_ament_install']
[0.603s] Level 1:colcon.colcon_core.package_identification:_identify(install) by extension 'ignore'
[0.603s] Level 1:colcon.colcon_core.package_identification:_identify(install) ignored
[0.604s] Level 1:colcon.colcon_core.package_identification:_identify(log) by extensions ['ignore', 'ignore_ament_install']
[0.604s] Level 1:colcon.colcon_core.package_identification:_identify(log) by extension 'ignore'
[0.604s] Level 1:colcon.colcon_core.package_identification:_identify(log) ignored
[0.604s] Level 1:colcon.colcon_core.package_identification:_identify(src) by extensions ['ignore', 'ignore_ament_install']
[0.604s] Level 1:colcon.colcon_core.package_identification:_identify(src) by extension 'ignore'
[0.605s] Level 1:colcon.colcon_core.package_identification:_identify(src) by extension 'ignore_ament_install'
[0.605s] Level 1:colcon.colcon_core.package_identification:_identify(src) by extensions ['colcon_pkg']
[0.605s] Level 1:colcon.colcon_core.package_identification:_identify(src) by extension 'colcon_pkg'
[0.605s] Level 1:colcon.colcon_core.package_identification:_identify(src) by extensions ['colcon_meta']
[0.605s] Level 1:colcon.colcon_core.package_identification:_identify(src) by extension 'colcon_meta'
[0.605s] Level 1:colcon.colcon_core.package_identification:_identify(src) by extensions ['ros']
[0.605s] Level 1:colcon.colcon_core.package_identification:_identify(src) by extension 'ros'
[0.605s] Level 1:colcon.colcon_core.package_identification:_identify(src) by extensions ['cmake', 'python']
[0.606s] Level 1:colcon.colcon_core.package_identification:_identify(src) by extension 'cmake'
[0.606s] Level 1:colcon.colcon_core.package_identification:_identify(src) by extension 'python'
[0.606s] Level 1:colcon.colcon_core.package_identification:_identify(src) by extensions ['python_setup_py']
[0.606s] Level 1:colcon.colcon_core.package_identification:_identify(src) by extension 'python_setup_py'
[0.606s] Level 1:colcon.colcon_core.package_identification:_identify(src/action_doa) by extensions ['ignore', 'ignore_ament_install']
[0.606s] Level 1:colcon.colcon_core.package_identification:_identify(src/action_doa) by extension 'ignore'
[0.606s] Level 1:colcon.colcon_core.package_identification:_identify(src/action_doa) by extension 'ignore_ament_install'
[0.607s] Level 1:colcon.colcon_core.package_identification:_identify(src/action_doa) by extensions ['colcon_pkg']
[0.607s] Level 1:colcon.colcon_core.package_identification:_identify(src/action_doa) by extension 'colcon_pkg'
[0.607s] Level 1:colcon.colcon_core.package_identification:_identify(src/action_doa) by extensions ['colcon_meta']
[0.607s] Level 1:colcon.colcon_core.package_identification:_identify(src/action_doa) by extension 'colcon_meta'
[0.607s] Level 1:colcon.colcon_core.package_identification:_identify(src/action_doa) by extensions ['ros']
[0.607s] Level 1:colcon.colcon_core.package_identification:_identify(src/action_doa) by extension 'ros'
[0.614s] DEBUG:colcon.colcon_core.package_identification:Package 'src/action_doa' with type 'ros.ament_cmake' and name 'action_doa'
[0.614s] Level 1:colcon.colcon_core.package_identification:_identify(src/doa) by extensions ['ignore', 'ignore_ament_install']
[0.615s] Level 1:colcon.colcon_core.package_identification:_identify(src/doa) by extension 'ignore'
[0.615s] Level 1:colcon.colcon_core.package_identification:_identify(src/doa) by extension 'ignore_ament_install'
[0.615s] Level 1:colcon.colcon_core.package_identification:_identify(src/doa) by extensions ['colcon_pkg']
[0.615s] Level 1:colcon.colcon_core.package_identification:_identify(src/doa) by extension 'colcon_pkg'
[0.615s] Level 1:colcon.colcon_core.package_identification:_identify(src/doa) by extensions ['colcon_meta']
[0.615s] Level 1:colcon.colcon_core.package_identification:_identify(src/doa) by extension 'colcon_meta'
[0.615s] Level 1:colcon.colcon_core.package_identification:_identify(src/doa) by extensions ['ros']
[0.615s] Level 1:colcon.colcon_core.package_identification:_identify(src/doa) by extension 'ros'
[0.617s] DEBUG:colcon.colcon_core.package_identification:Package 'src/doa' with type 'ros.ament_python' and name 'doa'
[0.617s] Level 1:colcon.colcon_core.package_discovery:discover_packages(recursive) using defaults
[0.617s] Level 1:colcon.colcon_core.package_discovery:discover_packages(ignore) discover
[0.617s] Level 1:colcon.colcon_core.package_discovery:discover_packages(ignore) using defaults
[0.617s] Level 1:colcon.colcon_core.package_discovery:discover_packages(path) discover
[0.617s] Level 1:colcon.colcon_core.package_discovery:discover_packages(path) using defaults
[0.674s] Level 1:colcon.colcon_core.package_discovery:discover_packages(prefix_path) check parameters
[0.675s] Level 1:colcon.colcon_core.package_discovery:discover_packages(prefix_path) discover
[0.678s] WARNING:colcon.colcon_core.prefix_path.colcon:The path '/home/eragond/Documents/Robotica/DOAActionService/install' in the environment variable COLCON_PREFIX_PATH doesn't exist
[0.679s] WARNING:colcon.colcon_ros.prefix_path.ament:The path '/home/eragond/Documents/Robotica/DOAActionService/install/action_doa' in the environment variable AMENT_PREFIX_PATH doesn't exist
[0.679s] WARNING:colcon.colcon_ros.prefix_path.ament:The path '/home/eragond/Documents/Robotica/DOAActionService/install/doa' in the environment variable AMENT_PREFIX_PATH doesn't exist
[0.679s] WARNING:colcon.colcon_ros.prefix_path.ament:The path '/home/eragond/Documents/Robotica/DOAActionService/install/DOA' in the environment variable AMENT_PREFIX_PATH doesn't exist
[0.679s] WARNING:colcon.colcon_ros.prefix_path.catkin:The path '/home/eragond/Documents/Robotica/DOAActionService/install/action_doa' in the environment variable CMAKE_PREFIX_PATH doesn't exist
[0.686s] DEBUG:colcon.colcon_installed_package_information.package_discovery:Found 270 installed packages in /opt/ros/foxy
[0.694s] Level 1:colcon.colcon_core.package_discovery:discover_packages(prefix_path) using defaults
[0.903s] Level 5:colcon.colcon_core.verb:set package 'action_doa' build argument 'cmake_args' from command line to 'None'
[0.903s] Level 5:colcon.colcon_core.verb:set package 'action_doa' build argument 'cmake_target' from command line to 'None'
[0.903s] Level 5:colcon.colcon_core.verb:set package 'action_doa' build argument 'cmake_target_skip_unavailable' from command line to 'False'
[0.903s] Level 5:colcon.colcon_core.verb:set package 'action_doa' build argument 'cmake_clean_cache' from command line to 'False'
[0.903s] Level 5:colcon.colcon_core.verb:set package 'action_doa' build argument 'cmake_clean_first' from command line to 'False'
[0.903s] Level 5:colcon.colcon_core.verb:set package 'action_doa' build argument 'cmake_force_configure' from command line to 'False'
[0.903s] Level 5:colcon.colcon_core.verb:set package 'action_doa' build argument 'ament_cmake_args' from command line to 'None'
[0.903s] Level 5:colcon.colcon_core.verb:set package 'action_doa' build argument 'catkin_cmake_args' from command line to 'None'
[0.903s] Level 5:colcon.colcon_core.verb:set package 'action_doa' build argument 'catkin_skip_building_tests' from command line to 'False'
[0.904s] DEBUG:colcon.colcon_core.verb:Building package 'action_doa' with the following arguments: {'ament_cmake_args': None, 'build_base': '/home/eragond/Documents/Robotica/DOA/build/action_doa', 'catkin_cmake_args': None, 'catkin_skip_building_tests': False, 'cmake_args': None, 'cmake_clean_cache': False, 'cmake_clean_first': False, 'cmake_force_configure': False, 'cmake_target': None, 'cmake_target_skip_unavailable': False, 'install_base': '/home/eragond/Documents/Robotica/DOA/install/action_doa', 'merge_install': False, 'path': '/home/eragond/Documents/Robotica/DOA/src/action_doa', 'symlink_install': False, 'test_result_base': None}
[0.907s] Level 5:colcon.colcon_core.verb:set package 'doa' build argument 'cmake_args' from command line to 'None'
[0.907s] Level 5:colcon.colcon_core.verb:set package 'doa' build argument 'cmake_target' from command line to 'None'
[0.907s] Level 5:colcon.colcon_core.verb:set package 'doa' build argument 'cmake_target_skip_unavailable' from command line to 'False'
[0.907s] Level 5:colcon.colcon_core.verb:set package 'doa' build argument 'cmake_clean_cache' from command line to 'False'
[0.907s] Level 5:colcon.colcon_core.verb:set package 'doa' build argument 'cmake_clean_first' from command line to 'False'
[0.908s] Level 5:colcon.colcon_core.verb:set package 'doa' build argument 'cmake_force_configure' from command line to 'False'
[0.908s] Level 5:colcon.colcon_core.verb:set package 'doa' build argument 'ament_cmake_args' from command line to 'None'
[0.908s] Level 5:colcon.colcon_core.verb:set package 'doa' build argument 'catkin_cmake_args' from command line to 'None'
[0.908s] Level 5:colcon.colcon_core.verb:set package 'doa' build argument 'catkin_skip_building_tests' from command line to 'False'
[0.908s] DEBUG:colcon.colcon_core.verb:Building package 'doa' with the following arguments: {'ament_cmake_args': None, 'build_base': '/home/eragond/Documents/Robotica/DOA/build/doa', 'catkin_cmake_args': None, 'catkin_skip_building_tests': False, 'cmake_args': None, 'cmake_clean_cache': False, 'cmake_clean_first': False, 'cmake_force_configure': False, 'cmake_target': None, 'cmake_target_skip_unavailable': False, 'install_base': '/home/eragond/Documents/Robotica/DOA/install/doa', 'merge_install': False, 'path': '/home/eragond/Documents/Robotica/DOA/src/doa', 'symlink_install': False, 'test_result_base': None}
[0.910s] INFO:colcon.colcon_core.executor:Executing jobs using 'parallel' executor
[0.924s] DEBUG:colcon.colcon_parallel_executor.executor.parallel:run_until_complete
[0.924s] INFO:colcon.colcon_ros.task.ament_cmake.build:Building ROS package in '/home/eragond/Documents/Robotica/DOA/src/action_doa' with build type 'ament_cmake'
[0.925s] INFO:colcon.colcon_cmake.task.cmake.build:Building CMake package in '/home/eragond/Documents/Robotica/DOA/src/action_doa'
[0.940s] INFO:colcon.colcon_core.plugin_system:Skipping extension 'colcon_core.shell.bat': Not used on non-Windows systems
[0.941s] INFO:colcon.colcon_core.shell:Skip shell extension 'powershell' for command environment: Not usable outside of PowerShell
[0.941s] DEBUG:colcon.colcon_core.shell:Skip shell extension 'dsv' for command environment
[0.960s] INFO:colcon.colcon_ros.task.ament_python.build:Building ROS package in '/home/eragond/Documents/Robotica/DOA/src/doa' with build type 'ament_python'
[0.962s] Level 1:colcon.colcon_core.shell:create_environment_hook('doa', 'ament_prefix_path')
[0.969s] INFO:colcon.colcon_core.shell:Creating environment hook '/home/eragond/Documents/Robotica/DOA/install/doa/share/doa/hook/ament_prefix_path.ps1'
[0.971s] INFO:colcon.colcon_core.shell:Creating environment descriptor '/home/eragond/Documents/Robotica/DOA/install/doa/share/doa/hook/ament_prefix_path.dsv'
[0.973s] INFO:colcon.colcon_core.shell:Creating environment hook '/home/eragond/Documents/Robotica/DOA/install/doa/share/doa/hook/ament_prefix_path.sh'
[0.979s] INFO:colcon.colcon_core.shell:Skip shell extension 'powershell' for command environment: Not usable outside of PowerShell
[0.979s] DEBUG:colcon.colcon_core.shell:Skip shell extension 'dsv' for command environment
[1.015s] DEBUG:colcon.colcon_core.event_handler.log_command:Invoking command in '/home/eragond/Documents/Robotica/DOA/build/action_doa': CMAKE_PREFIX_PATH=${CMAKE_PREFIX_PATH}:/home/eragond/Documents/Robotica/DOAActionService/install/doa:/home/eragond/Documents/Robotica/DOAActionService/install/DOA:/opt/ros/foxy /usr/bin/cmake /home/eragond/Documents/Robotica/DOA/src/action_doa -DCMAKE_INSTALL_PREFIX=/home/eragond/Documents/Robotica/DOA/install/action_doa
[1.789s] INFO:colcon.colcon_core.task.python.build:Building Python package in '/home/eragond/Documents/Robotica/DOA/src/doa'
[1.796s] INFO:colcon.colcon_core.shell:Skip shell extension 'powershell' for command environment: Not usable outside of PowerShell
[1.796s] DEBUG:colcon.colcon_core.shell:Skip shell extension 'dsv' for command environment
[3.130s] DEBUG:colcon.colcon_core.event_handler.log_command:Invoking command in '/home/eragond/Documents/Robotica/DOA/src/doa': PYTHONPATH=/home/eragond/Documents/Robotica/DOA/build/doa/prefix_override:/home/eragond/Documents/Robotica/DOA/install/doa/lib/python3.8/site-packages:${PYTHONPATH} /usr/bin/python3 setup.py egg_info --egg-base ../../build/doa build --build-base /home/eragond/Documents/Robotica/DOA/build/doa/build install --record /home/eragond/Documents/Robotica/DOA/build/doa/install.log --install-scripts $base/lib/doa --single-version-externally-managed
[4.105s] DEBUG:colcon.colcon_core.event_handler.log_command:Invoked command in '/home/eragond/Documents/Robotica/DOA/src/doa' returned '0': PYTHONPATH=/home/eragond/Documents/Robotica/DOA/build/doa/prefix_override:/home/eragond/Documents/Robotica/DOA/install/doa/lib/python3.8/site-packages:${PYTHONPATH} /usr/bin/python3 setup.py egg_info --egg-base ../../build/doa build --build-base /home/eragond/Documents/Robotica/DOA/build/doa/build install --record /home/eragond/Documents/Robotica/DOA/build/doa/install.log --install-scripts $base/lib/doa --single-version-externally-managed
[4.119s] Level 1:colcon.colcon_core.environment:checking '/home/eragond/Documents/Robotica/DOA/install/doa' for CMake module files
[4.121s] Level 1:colcon.colcon_core.environment:checking '/home/eragond/Documents/Robotica/DOA/install/doa' for CMake config files
[4.122s] Level 1:colcon.colcon_core.environment:checking '/home/eragond/Documents/Robotica/DOA/install/doa/lib'
[4.123s] Level 1:colcon.colcon_core.environment:checking '/home/eragond/Documents/Robotica/DOA/install/doa/bin'
[4.123s] Level 1:colcon.colcon_core.environment:checking '/home/eragond/Documents/Robotica/DOA/install/doa/lib/pkgconfig/doa.pc'
[4.124s] Level 1:colcon.colcon_core.environment:checking '/home/eragond/Documents/Robotica/DOA/install/doa/lib/python3.8/site-packages'
[4.124s] Level 1:colcon.colcon_core.shell:create_environment_hook('doa', 'pythonpath')
[4.129s] INFO:colcon.colcon_core.shell:Creating environment hook '/home/eragond/Documents/Robotica/DOA/install/doa/share/doa/hook/pythonpath.ps1'
[4.130s] INFO:colcon.colcon_core.shell:Creating environment descriptor '/home/eragond/Documents/Robotica/DOA/install/doa/share/doa/hook/pythonpath.dsv'
[4.130s] INFO:colcon.colcon_core.shell:Creating environment hook '/home/eragond/Documents/Robotica/DOA/install/doa/share/doa/hook/pythonpath.sh'
[4.132s] Level 1:colcon.colcon_core.environment:checking '/home/eragond/Documents/Robotica/DOA/install/doa/bin'
[4.132s] Level 1:colcon.colcon_core.environment:create_environment_scripts_only(doa)
[4.138s] INFO:colcon.colcon_core.shell:Creating package script '/home/eragond/Documents/Robotica/DOA/install/doa/share/doa/package.ps1'
[4.141s] INFO:colcon.colcon_core.shell:Creating package descriptor '/home/eragond/Documents/Robotica/DOA/install/doa/share/doa/package.dsv'
[4.142s] INFO:colcon.colcon_core.shell:Creating package script '/home/eragond/Documents/Robotica/DOA/install/doa/share/doa/package.sh'
[4.144s] INFO:colcon.colcon_core.shell:Creating package script '/home/eragond/Documents/Robotica/DOA/install/doa/share/doa/package.bash'
[4.146s] INFO:colcon.colcon_core.shell:Creating package script '/home/eragond/Documents/Robotica/DOA/install/doa/share/doa/package.zsh'
[4.148s] Level 1:colcon.colcon_core.environment:create_file_with_runtime_dependencies(/home/eragond/Documents/Robotica/DOA/install/doa/share/colcon-core/packages/doa)
[5.468s] DEBUG:colcon.colcon_core.event_handler.log_command:Invoked command in '/home/eragond/Documents/Robotica/DOA/build/action_doa' returned '0': CMAKE_PREFIX_PATH=${CMAKE_PREFIX_PATH}:/home/eragond/Documents/Robotica/DOAActionService/install/doa:/home/eragond/Documents/Robotica/DOAActionService/install/DOA:/opt/ros/foxy /usr/bin/cmake /home/eragond/Documents/Robotica/DOA/src/action_doa -DCMAKE_INSTALL_PREFIX=/home/eragond/Documents/Robotica/DOA/install/action_doa
[5.478s] DEBUG:colcon.colcon_core.event_handler.log_command:Invoking command in '/home/eragond/Documents/Robotica/DOA/build/action_doa': CMAKE_PREFIX_PATH=${CMAKE_PREFIX_PATH}:/home/eragond/Documents/Robotica/DOAActionService/install/doa:/home/eragond/Documents/Robotica/DOAActionService/install/DOA:/opt/ros/foxy /usr/bin/cmake --build /home/eragond/Documents/Robotica/DOA/build/action_doa -- -j4 -l4
[17.402s] DEBUG:colcon.colcon_core.event_handler.log_command:Invoked command in '/home/eragond/Documents/Robotica/DOA/build/action_doa' returned '0': CMAKE_PREFIX_PATH=${CMAKE_PREFIX_PATH}:/home/eragond/Documents/Robotica/DOAActionService/install/doa:/home/eragond/Documents/Robotica/DOAActionService/install/DOA:/opt/ros/foxy /usr/bin/cmake --build /home/eragond/Documents/Robotica/DOA/build/action_doa -- -j4 -l4
[17.566s] DEBUG:colcon.colcon_core.event_handler.log_command:Invoking command in '/home/eragond/Documents/Robotica/DOA/build/action_doa': CMAKE_PREFIX_PATH=${CMAKE_PREFIX_PATH}:/home/eragond/Documents/Robotica/DOAActionService/install/doa:/home/eragond/Documents/Robotica/DOAActionService/install/DOA:/opt/ros/foxy /usr/bin/cmake --install /home/eragond/Documents/Robotica/DOA/build/action_doa
[17.741s] Level 1:colcon.colcon_core.environment:create_environment_scripts_only(action_doa)
[17.750s] Level 1:colcon.colcon_core.environment:checking '/home/eragond/Documents/Robotica/DOA/install/action_doa' for CMake module files
[17.752s] DEBUG:colcon.colcon_core.event_handler.log_command:Invoked command in '/home/eragond/Documents/Robotica/DOA/build/action_doa' returned '0': CMAKE_PREFIX_PATH=${CMAKE_PREFIX_PATH}:/home/eragond/Documents/Robotica/DOAActionService/install/doa:/home/eragond/Documents/Robotica/DOAActionService/install/DOA:/opt/ros/foxy /usr/bin/cmake --install /home/eragond/Documents/Robotica/DOA/build/action_doa
[17.754s] Level 1:colcon.colcon_core.environment:checking '/home/eragond/Documents/Robotica/DOA/install/action_doa' for CMake config files
[17.755s] Level 1:colcon.colcon_core.shell:create_environment_hook('action_doa', 'cmake_prefix_path')
[17.760s] INFO:colcon.colcon_core.shell:Creating environment hook '/home/eragond/Documents/Robotica/DOA/install/action_doa/share/action_doa/hook/cmake_prefix_path.ps1'
[17.761s] INFO:colcon.colcon_core.shell:Creating environment descriptor '/home/eragond/Documents/Robotica/DOA/install/action_doa/share/action_doa/hook/cmake_prefix_path.dsv'
[17.762s] INFO:colcon.colcon_core.shell:Creating environment hook '/home/eragond/Documents/Robotica/DOA/install/action_doa/share/action_doa/hook/cmake_prefix_path.sh'
[17.763s] Level 1:colcon.colcon_core.environment:checking '/home/eragond/Documents/Robotica/DOA/install/action_doa/lib'
[17.763s] Level 1:colcon.colcon_core.shell:create_environment_hook('action_doa', 'ld_library_path_lib')
[17.768s] INFO:colcon.colcon_core.shell:Creating environment hook '/home/eragond/Documents/Robotica/DOA/install/action_doa/share/action_doa/hook/ld_library_path_lib.ps1'
[17.769s] INFO:colcon.colcon_core.shell:Creating environment descriptor '/home/eragond/Documents/Robotica/DOA/install/action_doa/share/action_doa/hook/ld_library_path_lib.dsv'
[17.770s] INFO:colcon.colcon_core.shell:Creating environment hook '/home/eragond/Documents/Robotica/DOA/install/action_doa/share/action_doa/hook/ld_library_path_lib.sh'
[17.770s] Level 1:colcon.colcon_core.environment:checking '/home/eragond/Documents/Robotica/DOA/install/action_doa/bin'
[17.771s] Level 1:colcon.colcon_core.environment:checking '/home/eragond/Documents/Robotica/DOA/install/action_doa/lib/pkgconfig/action_doa.pc'
[17.771s] Level 1:colcon.colcon_core.environment:checking '/home/eragond/Documents/Robotica/DOA/install/action_doa/lib/python3.8/site-packages'
[17.771s] Level 1:colcon.colcon_core.shell:create_environment_hook('action_doa', 'pythonpath')
[17.776s] INFO:colcon.colcon_core.shell:Creating environment hook '/home/eragond/Documents/Robotica/DOA/install/action_doa/share/action_doa/hook/pythonpath.ps1'
[17.777s] INFO:colcon.colcon_core.shell:Creating environment descriptor '/home/eragond/Documents/Robotica/DOA/install/action_doa/share/action_doa/hook/pythonpath.dsv'
[17.778s] INFO:colcon.colcon_core.shell:Creating environment hook '/home/eragond/Documents/Robotica/DOA/install/action_doa/share/action_doa/hook/pythonpath.sh'
[17.779s] Level 1:colcon.colcon_core.environment:checking '/home/eragond/Documents/Robotica/DOA/install/action_doa/bin'
[17.784s] INFO:colcon.colcon_core.shell:Creating package script '/home/eragond/Documents/Robotica/DOA/install/action_doa/share/action_doa/package.ps1'
[17.786s] INFO:colcon.colcon_core.shell:Creating package descriptor '/home/eragond/Documents/Robotica/DOA/install/action_doa/share/action_doa/package.dsv'
[17.787s] INFO:colcon.colcon_core.shell:Creating package script '/home/eragond/Documents/Robotica/DOA/install/action_doa/share/action_doa/package.sh'
[17.788s] INFO:colcon.colcon_core.shell:Creating package script '/home/eragond/Documents/Robotica/DOA/install/action_doa/share/action_doa/package.bash'
[17.789s] INFO:colcon.colcon_core.shell:Creating package script '/home/eragond/Documents/Robotica/DOA/install/action_doa/share/action_doa/package.zsh'
[17.789s] Level 1:colcon.colcon_core.environment:create_file_with_runtime_dependencies(/home/eragond/Documents/Robotica/DOA/install/action_doa/share/colcon-core/packages/action_doa)
[17.925s] Level 1:colcon.colcon_core.environment:create_environment_scripts_only(action_doa)
[17.933s] Level 1:colcon.colcon_core.environment:checking '/home/eragond/Documents/Robotica/DOA/install/action_doa' for CMake module files
[17.935s] Level 1:colcon.colcon_core.environment:checking '/home/eragond/Documents/Robotica/DOA/install/action_doa' for CMake config files
[17.937s] Level 1:colcon.colcon_core.shell:create_environment_hook('action_doa', 'cmake_prefix_path')
[17.942s] INFO:colcon.colcon_core.shell:Creating environment hook '/home/eragond/Documents/Robotica/DOA/install/action_doa/share/action_doa/hook/cmake_prefix_path.ps1'
[17.943s] INFO:colcon.colcon_core.shell:Creating environment descriptor '/home/eragond/Documents/Robotica/DOA/install/action_doa/share/action_doa/hook/cmake_prefix_path.dsv'
[17.944s] INFO:colcon.colcon_core.shell:Creating environment hook '/home/eragond/Documents/Robotica/DOA/install/action_doa/share/action_doa/hook/cmake_prefix_path.sh'
[17.945s] Level 1:colcon.colcon_core.environment:checking '/home/eragond/Documents/Robotica/DOA/install/action_doa/lib'
[17.945s] Level 1:colcon.colcon_core.shell:create_environment_hook('action_doa', 'ld_library_path_lib')
[17.950s] INFO:colcon.colcon_core.shell:Creating environment hook '/home/eragond/Documents/Robotica/DOA/install/action_doa/share/action_doa/hook/ld_library_path_lib.ps1'
[17.951s] INFO:colcon.colcon_core.shell:Creating environment descriptor '/home/eragond/Documents/Robotica/DOA/install/action_doa/share/action_doa/hook/ld_library_path_lib.dsv'
[17.952s] INFO:colcon.colcon_core.shell:Creating environment hook '/home/eragond/Documents/Robotica/DOA/install/action_doa/share/action_doa/hook/ld_library_path_lib.sh'
[17.953s] Level 1:colcon.colcon_core.environment:checking '/home/eragond/Documents/Robotica/DOA/install/action_doa/bin'
[17.953s] Level 1:colcon.colcon_core.environment:checking '/home/eragond/Documents/Robotica/DOA/install/action_doa/lib/pkgconfig/action_doa.pc'
[17.954s] Level 1:colcon.colcon_core.environment:checking '/home/eragond/Documents/Robotica/DOA/install/action_doa/lib/python3.8/site-packages'
[17.954s] Level 1:colcon.colcon_core.shell:create_environment_hook('action_doa', 'pythonpath')
[17.959s] INFO:colcon.colcon_core.shell:Creating environment hook '/home/eragond/Documents/Robotica/DOA/install/action_doa/share/action_doa/hook/pythonpath.ps1'
[17.960s] INFO:colcon.colcon_core.shell:Creating environment descriptor '/home/eragond/Documents/Robotica/DOA/install/action_doa/share/action_doa/hook/pythonpath.dsv'
[17.960s] INFO:colcon.colcon_core.shell:Creating environment hook '/home/eragond/Documents/Robotica/DOA/install/action_doa/share/action_doa/hook/pythonpath.sh'
[17.962s] Level 1:colcon.colcon_core.environment:checking '/home/eragond/Documents/Robotica/DOA/install/action_doa/bin'
[17.967s] INFO:colcon.colcon_core.shell:Creating package script '/home/eragond/Documents/Robotica/DOA/install/action_doa/share/action_doa/package.ps1'
[17.969s] INFO:colcon.colcon_core.shell:Creating package descriptor '/home/eragond/Documents/Robotica/DOA/install/action_doa/share/action_doa/package.dsv'
[17.970s] INFO:colcon.colcon_core.shell:Creating package script '/home/eragond/Documents/Robotica/DOA/install/action_doa/share/action_doa/package.sh'
[17.971s] INFO:colcon.colcon_core.shell:Creating package script '/home/eragond/Documents/Robotica/DOA/install/action_doa/share/action_doa/package.bash'
[17.972s] INFO:colcon.colcon_core.shell:Creating package script '/home/eragond/Documents/Robotica/DOA/install/action_doa/share/action_doa/package.zsh'
[17.973s] Level 1:colcon.colcon_core.environment:create_file_with_runtime_dependencies(/home/eragond/Documents/Robotica/DOA/install/action_doa/share/colcon-core/packages/action_doa)
[17.974s] DEBUG:colcon.colcon_parallel_executor.executor.parallel:closing loop
[17.975s] DEBUG:colcon.colcon_parallel_executor.executor.parallel:loop closed
[17.975s] DEBUG:colcon.colcon_parallel_executor.executor.parallel:run_until_complete finished with '0'
[17.976s] DEBUG:colcon.colcon_core.event_reactor:joining thread
[17.996s] INFO:colcon.colcon_core.plugin_system:Skipping extension 'colcon_notification.desktop_notification.terminal_notifier': Not used on non-Darwin systems
[17.996s] INFO:colcon.colcon_core.plugin_system:Skipping extension 'colcon_notification.desktop_notification.win32': Not used on non-Windows systems
[17.997s] INFO:colcon.colcon_notification.desktop_notification:Sending desktop notification using 'notify2'
[18.027s] DEBUG:colcon.colcon_core.event_reactor:joined thread
[18.033s] INFO:colcon.colcon_core.shell:Creating prefix script '/home/eragond/Documents/Robotica/DOA/install/local_setup.ps1'
[18.036s] INFO:colcon.colcon_core.shell:Creating prefix util module '/home/eragond/Documents/Robotica/DOA/install/_local_setup_util_ps1.py'
[18.040s] INFO:colcon.colcon_core.shell:Creating prefix chain script '/home/eragond/Documents/Robotica/DOA/install/setup.ps1'
[18.044s] INFO:colcon.colcon_core.shell:Creating prefix script '/home/eragond/Documents/Robotica/DOA/install/local_setup.sh'
[18.046s] INFO:colcon.colcon_core.shell:Creating prefix util module '/home/eragond/Documents/Robotica/DOA/install/_local_setup_util_sh.py'
[18.047s] INFO:colcon.colcon_core.shell:Creating prefix chain script '/home/eragond/Documents/Robotica/DOA/install/setup.sh'
[18.051s] INFO:colcon.colcon_core.shell:Creating prefix script '/home/eragond/Documents/Robotica/DOA/install/local_setup.bash'
[18.052s] INFO:colcon.colcon_core.shell:Creating prefix chain script '/home/eragond/Documents/Robotica/DOA/install/setup.bash'
[18.055s] INFO:colcon.colcon_core.shell:Creating prefix script '/home/eragond/Documents/Robotica/DOA/install/local_setup.zsh'
[18.056s] INFO:colcon.colcon_core.shell:Creating prefix chain script '/home/eragond/Documents/Robotica/DOA/install/setup.zsh'
