[0.097s] Invoking command in '/home/eragond/Documents/Robotica/DOA/build/action_doa': CMAKE_PREFIX_PATH=${CMAKE_PREFIX_PATH}:/home/eragond/Documents/Robotica/DOA/install/doa:/home/eragond/Documents/Robotica/DOAActionService/install/doa:/home/eragond/Documents/Robotica/DOAActionService/install/DOA:/opt/ros/foxy /usr/bin/cmake --build /home/eragond/Documents/Robotica/DOA/build/action_doa -- -j4 -l4
[0.176s] -- Found ament_cmake: 0.9.11 (/opt/ros/foxy/share/ament_cmake/cmake)
[0.239s] -- Found PythonInterp: /usr/bin/python3 (found suitable version "3.8.10", minimum required is "3") 
[0.239s] -- Using PYTHON_EXECUTABLE: /usr/bin/python3
[0.865s] -- Found ament_lint_auto: 0.9.7 (/opt/ros/foxy/share/ament_lint_auto/cmake)
[1.044s] -- Found rosidl_default_generators: 1.0.1 (/opt/ros/foxy/share/rosidl_default_generators/cmake)
[1.052s] -- Using all available rosidl_typesupport_c: rosidl_typesupport_fastrtps_c;rosidl_typesupport_introspection_c
[1.062s] -- Found rosidl_adapter: 1.3.0 (/opt/ros/foxy/share/rosidl_adapter/cmake)
[1.452s] -- Using all available rosidl_typesupport_cpp: rosidl_typesupport_fastrtps_cpp;rosidl_typesupport_introspection_cpp
[1.584s] -- Found PythonInterp: /usr/bin/python3 (found version "3.8.10") 
[1.994s] -- Found ament_cmake_ros: 0.9.2 (/opt/ros/foxy/share/ament_cmake_ros/cmake)
[2.366s] -- Using all available rosidl_typesupport_c: rosidl_typesupport_fastrtps_c;rosidl_typesupport_introspection_c
[2.446s] -- Using all available rosidl_typesupport_cpp: rosidl_typesupport_fastrtps_cpp;rosidl_typesupport_introspection_cpp
[2.523s] -- Found PythonInterp: /usr/bin/python3 (found suitable version "3.8.10", minimum required is "3.5") 
[2.524s] -- Found python_cmake_module: 0.8.1 (/opt/ros/foxy/share/python_cmake_module/cmake)
[2.596s] -- Using PYTHON_EXECUTABLE: /usr/bin/python3
[2.596s] -- Using PYTHON_INCLUDE_DIRS: /usr/include/python3.8
[2.596s] -- Using PYTHON_LIBRARIES: /usr/lib/x86_64-linux-gnu/libpython3.8.so
[2.712s] -- Added test 'copyright' to check source files copyright and LICENSE
[2.718s] -- Added test 'lint_cmake' to check CMake code style
[2.722s] -- Added test 'xmllint' to check XML markup files
[2.742s] -- Configuring done
[2.924s] -- Generating done
[2.937s] -- Build files have been written to: /home/eragond/Documents/Robotica/DOA/build/action_doa
[3.024s] [  3%] [34m[1mGenerating C code for ROS interfaces[0m
[3.057s] [  6%] [34m[1mGenerating C++ code for ROS interfaces[0m
[4.347s] [  6%] Built target action_doa__cpp
[4.391s] [  9%] [34m[1mGenerating C++ introspection for ROS interfaces[0m
[4.396s] [ 12%] [34m[1mGenerating C++ type support dispatch for ROS interfaces[0m
[4.402s] [ 16%] [34m[1mGenerating C++ type support for eProsima Fast-RTPS[0m
[4.417s] [35m[1mScanning dependencies of target action_doa__rosidl_generator_c[0m
[4.464s] [ 19%] [32mBuilding C object CMakeFiles/action_doa__rosidl_generator_c.dir/rosidl_generator_c/action_doa/action/detail/do_aaction__functions.c.o[0m
[4.927s] [ 22%] [32m[1mLinking C shared library libaction_doa__rosidl_generator_c.so[0m
[5.062s] [ 22%] Built target action_doa__rosidl_generator_c
[5.100s] [ 25%] [34m[1mGenerating C introspection for ROS interfaces[0m
[5.543s] [35m[1mScanning dependencies of target action_doa__rosidl_typesupport_cpp[0m
[5.590s] [ 29%] [32mBuilding CXX object CMakeFiles/action_doa__rosidl_typesupport_cpp.dir/rosidl_typesupport_cpp/action_doa/action/do_aaction__type_support.cpp.o[0m
[5.664s] [35m[1mScanning dependencies of target action_doa__rosidl_typesupport_introspection_cpp[0m
[5.713s] [ 32%] [32mBuilding CXX object CMakeFiles/action_doa__rosidl_typesupport_introspection_cpp.dir/rosidl_typesupport_introspection_cpp/action_doa/action/detail/do_aaction__type_support.cpp.o[0m
[5.979s] [35m[1mScanning dependencies of target action_doa__rosidl_typesupport_fastrtps_cpp[0m
[6.046s] [ 35%] [32mBuilding CXX object CMakeFiles/action_doa__rosidl_typesupport_fastrtps_cpp.dir/rosidl_typesupport_fastrtps_cpp/action_doa/action/detail/dds_fastrtps/do_aaction__type_support.cpp.o[0m
[6.514s] [35m[1mScanning dependencies of target action_doa__rosidl_typesupport_introspection_c[0m
[6.562s] [ 38%] [32mBuilding C object CMakeFiles/action_doa__rosidl_typesupport_introspection_c.dir/rosidl_typesupport_introspection_c/action_doa/action/detail/do_aaction__type_support.c.o[0m
[6.699s] [ 41%] [32m[1mLinking CXX shared library libaction_doa__rosidl_typesupport_cpp.so[0m
[6.723s] [ 45%] [32m[1mLinking C shared library libaction_doa__rosidl_typesupport_introspection_c.so[0m
[6.832s] [ 45%] Built target action_doa__rosidl_typesupport_introspection_c
[6.840s] [ 45%] Built target action_doa__rosidl_typesupport_cpp
[6.868s] [ 48%] [34m[1mGenerating C type support dispatch for ROS interfaces[0m
[6.944s] [ 51%] [32m[1mLinking CXX shared library libaction_doa__rosidl_typesupport_introspection_cpp.so[0m
[7.226s] [ 51%] Built target action_doa__rosidl_typesupport_introspection_cpp
[7.615s] [ 54%] [32m[1mLinking CXX shared library libaction_doa__rosidl_typesupport_fastrtps_cpp.so[0m
[7.778s] [35m[1mScanning dependencies of target action_doa__rosidl_typesupport_c[0m
[7.816s] [ 58%] [32mBuilding CXX object CMakeFiles/action_doa__rosidl_typesupport_c.dir/rosidl_typesupport_c/action_doa/action/do_aaction__type_support.cpp.o[0m
[7.902s] [ 58%] Built target action_doa__rosidl_typesupport_fastrtps_cpp
[7.932s] [ 61%] [34m[1mGenerating C type support for eProsima Fast-RTPS[0m
[7.951s] [ 64%] [32m[1mLinking CXX shared library libaction_doa__rosidl_typesupport_c.so[0m
[8.067s] [ 64%] Built target action_doa__rosidl_typesupport_c
[9.086s] [35m[1mScanning dependencies of target action_doa__rosidl_typesupport_fastrtps_c[0m
[9.138s] [ 67%] [32mBuilding CXX object CMakeFiles/action_doa__rosidl_typesupport_fastrtps_c.dir/rosidl_typesupport_fastrtps_c/action_doa/action/detail/do_aaction__type_support_c.cpp.o[0m
[10.214s] [ 70%] [32m[1mLinking CXX shared library libaction_doa__rosidl_typesupport_fastrtps_c.so[0m
[10.501s] [ 70%] Built target action_doa__rosidl_typesupport_fastrtps_c
[10.564s] [ 70%] Built target action_doa
[10.629s] [ 74%] [34m[1mGenerating Python code for ROS interfaces[0m
[13.104s] [ 74%] Built target action_doa__py
[13.138s] [35m[1mScanning dependencies of target action_doa__python[0m
[13.187s] [ 77%] [32mBuilding C object CMakeFiles/action_doa__python.dir/rosidl_generator_py/action_doa/action/_do_aaction_s.c.o[0m
[13.574s] [ 80%] [32m[1mLinking C shared library rosidl_generator_py/action_doa/libaction_doa__python.so[0m
[13.715s] [ 80%] Built target action_doa__python
[13.751s] [35m[1mScanning dependencies of target action_doa__rosidl_typesupport_introspection_c__pyext[0m
[13.753s] [35m[1mScanning dependencies of target action_doa__rosidl_typesupport_fastrtps_c__pyext[0m
[13.754s] [35m[1mScanning dependencies of target action_doa__rosidl_typesupport_c__pyext[0m
[13.802s] [ 83%] [32mBuilding C object CMakeFiles/action_doa__rosidl_typesupport_introspection_c__pyext.dir/rosidl_generator_py/action_doa/_action_doa_s.ep.rosidl_typesupport_introspection_c.c.o[0m
[13.812s] [ 87%] [32mBuilding C object CMakeFiles/action_doa__rosidl_typesupport_c__pyext.dir/rosidl_generator_py/action_doa/_action_doa_s.ep.rosidl_typesupport_c.c.o[0m
[13.817s] [ 90%] [32mBuilding C object CMakeFiles/action_doa__rosidl_typesupport_fastrtps_c__pyext.dir/rosidl_generator_py/action_doa/_action_doa_s.ep.rosidl_typesupport_fastrtps_c.c.o[0m
[14.129s] [ 93%] [32m[1mLinking C shared library rosidl_generator_py/action_doa/action_doa_s__rosidl_typesupport_introspection_c.cpython-38-x86_64-linux-gnu.so[0m
[14.181s] [ 96%] [32m[1mLinking C shared library rosidl_generator_py/action_doa/action_doa_s__rosidl_typesupport_c.cpython-38-x86_64-linux-gnu.so[0m
[14.206s] [100%] [32m[1mLinking CXX shared library rosidl_generator_py/action_doa/action_doa_s__rosidl_typesupport_fastrtps_c.cpython-38-x86_64-linux-gnu.so[0m
[14.259s] [100%] Built target action_doa__rosidl_typesupport_introspection_c__pyext
[14.320s] [100%] Built target action_doa__rosidl_typesupport_c__pyext
[14.428s] [100%] Built target action_doa__rosidl_typesupport_fastrtps_c__pyext
[14.461s] Invoked command in '/home/eragond/Documents/Robotica/DOA/build/action_doa' returned '0': CMAKE_PREFIX_PATH=${CMAKE_PREFIX_PATH}:/home/eragond/Documents/Robotica/DOA/install/doa:/home/eragond/Documents/Robotica/DOAActionService/install/doa:/home/eragond/Documents/Robotica/DOAActionService/install/DOA:/opt/ros/foxy /usr/bin/cmake --build /home/eragond/Documents/Robotica/DOA/build/action_doa -- -j4 -l4
[14.646s] Invoking command in '/home/eragond/Documents/Robotica/DOA/build/action_doa': CMAKE_PREFIX_PATH=${CMAKE_PREFIX_PATH}:/home/eragond/Documents/Robotica/DOA/install/doa:/home/eragond/Documents/Robotica/DOAActionService/install/doa:/home/eragond/Documents/Robotica/DOAActionService/install/DOA:/opt/ros/foxy /usr/bin/cmake --install /home/eragond/Documents/Robotica/DOA/build/action_doa
[14.672s] -- Install configuration: ""
[14.672s] -- Up-to-date: /home/eragond/Documents/Robotica/DOA/install/action_doa/share/ament_index/resource_index/rosidl_interfaces/action_doa
[14.673s] -- Up-to-date: /home/eragond/Documents/Robotica/DOA/install/action_doa/include/action_doa
[14.673s] -- Up-to-date: /home/eragond/Documents/Robotica/DOA/install/action_doa/include/action_doa/action
[14.674s] -- Up-to-date: /home/eragond/Documents/Robotica/DOA/install/action_doa/include/action_doa/action/detail
[14.674s] -- Installing: /home/eragond/Documents/Robotica/DOA/install/action_doa/include/action_doa/action/detail/do_aaction__functions.c
[14.674s] -- Installing: /home/eragond/Documents/Robotica/DOA/install/action_doa/include/action_doa/action/detail/do_aaction__struct.h
[14.675s] -- Installing: /home/eragond/Documents/Robotica/DOA/install/action_doa/include/action_doa/action/detail/do_aaction__functions.h
[14.675s] -- Installing: /home/eragond/Documents/Robotica/DOA/install/action_doa/include/action_doa/action/detail/do_aaction__type_support.h
[14.675s] -- Installing: /home/eragond/Documents/Robotica/DOA/install/action_doa/include/action_doa/action/do_aaction.h
[14.676s] -- Up-to-date: /home/eragond/Documents/Robotica/DOA/install/action_doa/include/action_doa/msg
[14.676s] -- Up-to-date: /home/eragond/Documents/Robotica/DOA/install/action_doa/include/action_doa/msg/rosidl_generator_c__visibility_control.h
[14.676s] -- Up-to-date: /home/eragond/Documents/Robotica/DOA/install/action_doa/share/action_doa/environment/library_path.sh
[14.677s] -- Installing: /home/eragond/Documents/Robotica/DOA/install/action_doa/share/action_doa/environment/library_path.dsv
[14.677s] -- Installing: /home/eragond/Documents/Robotica/DOA/install/action_doa/lib/libaction_doa__rosidl_generator_c.so
[14.677s] -- Set runtime path of "/home/eragond/Documents/Robotica/DOA/install/action_doa/lib/libaction_doa__rosidl_generator_c.so" to ""
[14.678s] -- Up-to-date: /home/eragond/Documents/Robotica/DOA/install/action_doa/include/action_doa
[14.678s] -- Up-to-date: /home/eragond/Documents/Robotica/DOA/install/action_doa/include/action_doa/action
[14.679s] -- Up-to-date: /home/eragond/Documents/Robotica/DOA/install/action_doa/include/action_doa/action/detail
[14.679s] -- Installing: /home/eragond/Documents/Robotica/DOA/install/action_doa/include/action_doa/action/detail/do_aaction__rosidl_typesupport_fastrtps_c.h
[14.679s] -- Up-to-date: /home/eragond/Documents/Robotica/DOA/install/action_doa/include/action_doa/msg
[14.680s] -- Up-to-date: /home/eragond/Documents/Robotica/DOA/install/action_doa/include/action_doa/msg/rosidl_typesupport_fastrtps_c__visibility_control.h
[14.680s] -- Installing: /home/eragond/Documents/Robotica/DOA/install/action_doa/lib/libaction_doa__rosidl_typesupport_fastrtps_c.so
[14.681s] -- Set runtime path of "/home/eragond/Documents/Robotica/DOA/install/action_doa/lib/libaction_doa__rosidl_typesupport_fastrtps_c.so" to ""
[14.681s] -- Up-to-date: /home/eragond/Documents/Robotica/DOA/install/action_doa/include/action_doa
[14.681s] -- Up-to-date: /home/eragond/Documents/Robotica/DOA/install/action_doa/include/action_doa/action
[14.682s] -- Up-to-date: /home/eragond/Documents/Robotica/DOA/install/action_doa/include/action_doa/action/detail
[14.682s] -- Up-to-date: /home/eragond/Documents/Robotica/DOA/install/action_doa/include/action_doa/action/detail/dds_fastrtps
[14.682s] -- Installing: /home/eragond/Documents/Robotica/DOA/install/action_doa/include/action_doa/action/detail/do_aaction__rosidl_typesupport_fastrtps_cpp.hpp
[14.683s] -- Up-to-date: /home/eragond/Documents/Robotica/DOA/install/action_doa/include/action_doa/msg
[14.683s] -- Up-to-date: /home/eragond/Documents/Robotica/DOA/install/action_doa/include/action_doa/msg/rosidl_typesupport_fastrtps_cpp__visibility_control.h
[14.683s] -- Installing: /home/eragond/Documents/Robotica/DOA/install/action_doa/lib/libaction_doa__rosidl_typesupport_fastrtps_cpp.so
[14.684s] -- Set runtime path of "/home/eragond/Documents/Robotica/DOA/install/action_doa/lib/libaction_doa__rosidl_typesupport_fastrtps_cpp.so" to ""
[14.684s] -- Up-to-date: /home/eragond/Documents/Robotica/DOA/install/action_doa/include/action_doa
[14.685s] -- Up-to-date: /home/eragond/Documents/Robotica/DOA/install/action_doa/include/action_doa/action
[14.685s] -- Up-to-date: /home/eragond/Documents/Robotica/DOA/install/action_doa/include/action_doa/action/detail
[14.686s] -- Installing: /home/eragond/Documents/Robotica/DOA/install/action_doa/include/action_doa/action/detail/do_aaction__type_support.c
[14.686s] -- Installing: /home/eragond/Documents/Robotica/DOA/install/action_doa/include/action_doa/action/detail/do_aaction__rosidl_typesupport_introspection_c.h
[14.687s] -- Up-to-date: /home/eragond/Documents/Robotica/DOA/install/action_doa/include/action_doa/msg
[14.687s] -- Up-to-date: /home/eragond/Documents/Robotica/DOA/install/action_doa/include/action_doa/msg/rosidl_typesupport_introspection_c__visibility_control.h
[14.687s] -- Installing: /home/eragond/Documents/Robotica/DOA/install/action_doa/lib/libaction_doa__rosidl_typesupport_introspection_c.so
[14.688s] -- Set runtime path of "/home/eragond/Documents/Robotica/DOA/install/action_doa/lib/libaction_doa__rosidl_typesupport_introspection_c.so" to ""
[14.688s] -- Installing: /home/eragond/Documents/Robotica/DOA/install/action_doa/lib/libaction_doa__rosidl_typesupport_c.so
[14.689s] -- Set runtime path of "/home/eragond/Documents/Robotica/DOA/install/action_doa/lib/libaction_doa__rosidl_typesupport_c.so" to ""
[14.689s] -- Up-to-date: /home/eragond/Documents/Robotica/DOA/install/action_doa/include/action_doa
[14.689s] -- Up-to-date: /home/eragond/Documents/Robotica/DOA/install/action_doa/include/action_doa/action
[14.690s] -- Up-to-date: /home/eragond/Documents/Robotica/DOA/install/action_doa/include/action_doa/action/detail
[14.690s] -- Installing: /home/eragond/Documents/Robotica/DOA/install/action_doa/include/action_doa/action/detail/do_aaction__struct.hpp
[14.690s] -- Installing: /home/eragond/Documents/Robotica/DOA/install/action_doa/include/action_doa/action/detail/do_aaction__builder.hpp
[14.691s] -- Installing: /home/eragond/Documents/Robotica/DOA/install/action_doa/include/action_doa/action/detail/do_aaction__traits.hpp
[14.691s] -- Installing: /home/eragond/Documents/Robotica/DOA/install/action_doa/include/action_doa/action/do_aaction.hpp
[14.691s] -- Up-to-date: /home/eragond/Documents/Robotica/DOA/install/action_doa/include/action_doa
[14.692s] -- Up-to-date: /home/eragond/Documents/Robotica/DOA/install/action_doa/include/action_doa/action
[14.692s] -- Up-to-date: /home/eragond/Documents/Robotica/DOA/install/action_doa/include/action_doa/action/detail
[14.692s] -- Installing: /home/eragond/Documents/Robotica/DOA/install/action_doa/include/action_doa/action/detail/do_aaction__type_support.cpp
[14.692s] -- Installing: /home/eragond/Documents/Robotica/DOA/install/action_doa/include/action_doa/action/detail/do_aaction__rosidl_typesupport_introspection_cpp.hpp
[14.693s] -- Installing: /home/eragond/Documents/Robotica/DOA/install/action_doa/lib/libaction_doa__rosidl_typesupport_introspection_cpp.so
[14.694s] -- Set runtime path of "/home/eragond/Documents/Robotica/DOA/install/action_doa/lib/libaction_doa__rosidl_typesupport_introspection_cpp.so" to ""
[14.694s] -- Installing: /home/eragond/Documents/Robotica/DOA/install/action_doa/lib/libaction_doa__rosidl_typesupport_cpp.so
[14.695s] -- Set runtime path of "/home/eragond/Documents/Robotica/DOA/install/action_doa/lib/libaction_doa__rosidl_typesupport_cpp.so" to ""
[14.696s] -- Up-to-date: /home/eragond/Documents/Robotica/DOA/install/action_doa/share/action_doa/environment/pythonpath.sh
[14.696s] -- Installing: /home/eragond/Documents/Robotica/DOA/install/action_doa/share/action_doa/environment/pythonpath.dsv
[14.696s] -- Installing: /home/eragond/Documents/Robotica/DOA/install/action_doa/lib/python3.8/site-packages/action_doa/__init__.py
[14.784s] Compiling '/home/eragond/Documents/Robotica/DOA/install/action_doa/lib/python3.8/site-packages/action_doa/__init__.py'...
[14.797s] -- Up-to-date: /home/eragond/Documents/Robotica/DOA/install/action_doa/lib/python3.8/site-packages/action_doa/action
[14.797s] -- Installing: /home/eragond/Documents/Robotica/DOA/install/action_doa/lib/python3.8/site-packages/action_doa/action/_do_aaction_s.c
[14.798s] -- Installing: /home/eragond/Documents/Robotica/DOA/install/action_doa/lib/python3.8/site-packages/action_doa/action/__init__.py
[14.798s] -- Installing: /home/eragond/Documents/Robotica/DOA/install/action_doa/lib/python3.8/site-packages/action_doa/action/_do_aaction.py
[14.800s] -- Installing: /home/eragond/Documents/Robotica/DOA/install/action_doa/lib/python3.8/site-packages/action_doa/action_doa_s__rosidl_typesupport_fastrtps_c.cpython-38-x86_64-linux-gnu.so
[14.802s] -- Set runtime path of "/home/eragond/Documents/Robotica/DOA/install/action_doa/lib/python3.8/site-packages/action_doa/action_doa_s__rosidl_typesupport_fastrtps_c.cpython-38-x86_64-linux-gnu.so" to ""
[14.803s] -- Installing: /home/eragond/Documents/Robotica/DOA/install/action_doa/lib/python3.8/site-packages/action_doa/action_doa_s__rosidl_typesupport_introspection_c.cpython-38-x86_64-linux-gnu.so
[14.805s] -- Set runtime path of "/home/eragond/Documents/Robotica/DOA/install/action_doa/lib/python3.8/site-packages/action_doa/action_doa_s__rosidl_typesupport_introspection_c.cpython-38-x86_64-linux-gnu.so" to ""
[14.805s] -- Installing: /home/eragond/Documents/Robotica/DOA/install/action_doa/lib/python3.8/site-packages/action_doa/action_doa_s__rosidl_typesupport_c.cpython-38-x86_64-linux-gnu.so
[14.807s] -- Set runtime path of "/home/eragond/Documents/Robotica/DOA/install/action_doa/lib/python3.8/site-packages/action_doa/action_doa_s__rosidl_typesupport_c.cpython-38-x86_64-linux-gnu.so" to ""
[14.807s] -- Installing: /home/eragond/Documents/Robotica/DOA/install/action_doa/lib/libaction_doa__python.so
[14.808s] -- Set runtime path of "/home/eragond/Documents/Robotica/DOA/install/action_doa/lib/libaction_doa__python.so" to ""
[14.809s] -- Installing: /home/eragond/Documents/Robotica/DOA/install/action_doa/share/action_doa/action/DOAaction.idl
[14.809s] -- Installing: /home/eragond/Documents/Robotica/DOA/install/action_doa/share/action_doa/action/DOAaction.action
[14.810s] -- Up-to-date: /home/eragond/Documents/Robotica/DOA/install/action_doa/share/ament_index/resource_index/package_run_dependencies/action_doa
[14.810s] -- Installing: /home/eragond/Documents/Robotica/DOA/install/action_doa/share/ament_index/resource_index/parent_prefix_path/action_doa
[14.810s] -- Up-to-date: /home/eragond/Documents/Robotica/DOA/install/action_doa/share/action_doa/environment/ament_prefix_path.sh
[14.811s] -- Installing: /home/eragond/Documents/Robotica/DOA/install/action_doa/share/action_doa/environment/ament_prefix_path.dsv
[14.811s] -- Up-to-date: /home/eragond/Documents/Robotica/DOA/install/action_doa/share/action_doa/environment/path.sh
[14.812s] -- Installing: /home/eragond/Documents/Robotica/DOA/install/action_doa/share/action_doa/environment/path.dsv
[14.812s] -- Up-to-date: /home/eragond/Documents/Robotica/DOA/install/action_doa/share/action_doa/local_setup.bash
[14.812s] -- Up-to-date: /home/eragond/Documents/Robotica/DOA/install/action_doa/share/action_doa/local_setup.sh
[14.813s] -- Up-to-date: /home/eragond/Documents/Robotica/DOA/install/action_doa/share/action_doa/local_setup.zsh
[14.813s] -- Installing: /home/eragond/Documents/Robotica/DOA/install/action_doa/share/action_doa/local_setup.dsv
[14.813s] -- Installing: /home/eragond/Documents/Robotica/DOA/install/action_doa/share/action_doa/package.dsv
[14.814s] -- Up-to-date: /home/eragond/Documents/Robotica/DOA/install/action_doa/share/ament_index/resource_index/packages/action_doa
[14.814s] -- Up-to-date: /home/eragond/Documents/Robotica/DOA/install/action_doa/share/action_doa/cmake/action_doa__rosidl_generator_cExport.cmake
[14.814s] -- Installing: /home/eragond/Documents/Robotica/DOA/install/action_doa/share/action_doa/cmake/action_doa__rosidl_generator_cExport-noconfig.cmake
[14.814s] -- Up-to-date: /home/eragond/Documents/Robotica/DOA/install/action_doa/share/action_doa/cmake/action_doa__rosidl_typesupport_introspection_cExport.cmake
[14.815s] -- Installing: /home/eragond/Documents/Robotica/DOA/install/action_doa/share/action_doa/cmake/action_doa__rosidl_typesupport_introspection_cExport-noconfig.cmake
[14.815s] -- Up-to-date: /home/eragond/Documents/Robotica/DOA/install/action_doa/share/action_doa/cmake/action_doa__rosidl_typesupport_cExport.cmake
[14.815s] -- Installing: /home/eragond/Documents/Robotica/DOA/install/action_doa/share/action_doa/cmake/action_doa__rosidl_typesupport_cExport-noconfig.cmake
[14.816s] -- Up-to-date: /home/eragond/Documents/Robotica/DOA/install/action_doa/share/action_doa/cmake/action_doa__rosidl_generator_cppExport.cmake
[14.816s] -- Up-to-date: /home/eragond/Documents/Robotica/DOA/install/action_doa/share/action_doa/cmake/action_doa__rosidl_typesupport_introspection_cppExport.cmake
[14.816s] -- Installing: /home/eragond/Documents/Robotica/DOA/install/action_doa/share/action_doa/cmake/action_doa__rosidl_typesupport_introspection_cppExport-noconfig.cmake
[14.817s] -- Up-to-date: /home/eragond/Documents/Robotica/DOA/install/action_doa/share/action_doa/cmake/action_doa__rosidl_typesupport_cppExport.cmake
[14.817s] -- Installing: /home/eragond/Documents/Robotica/DOA/install/action_doa/share/action_doa/cmake/action_doa__rosidl_typesupport_cppExport-noconfig.cmake
[14.817s] -- Up-to-date: /home/eragond/Documents/Robotica/DOA/install/action_doa/share/action_doa/cmake/rosidl_cmake-extras.cmake
[14.818s] -- Up-to-date: /home/eragond/Documents/Robotica/DOA/install/action_doa/share/action_doa/cmake/ament_cmake_export_dependencies-extras.cmake
[14.818s] -- Up-to-date: /home/eragond/Documents/Robotica/DOA/install/action_doa/share/action_doa/cmake/ament_cmake_export_libraries-extras.cmake
[14.818s] -- Up-to-date: /home/eragond/Documents/Robotica/DOA/install/action_doa/share/action_doa/cmake/ament_cmake_export_targets-extras.cmake
[14.818s] -- Up-to-date: /home/eragond/Documents/Robotica/DOA/install/action_doa/share/action_doa/cmake/ament_cmake_export_include_directories-extras.cmake
[14.819s] -- Up-to-date: /home/eragond/Documents/Robotica/DOA/install/action_doa/share/action_doa/cmake/rosidl_cmake_export_typesupport_libraries-extras.cmake
[14.819s] -- Up-to-date: /home/eragond/Documents/Robotica/DOA/install/action_doa/share/action_doa/cmake/rosidl_cmake_export_typesupport_targets-extras.cmake
[14.819s] -- Up-to-date: /home/eragond/Documents/Robotica/DOA/install/action_doa/share/action_doa/cmake/action_doaConfig.cmake
[14.820s] -- Up-to-date: /home/eragond/Documents/Robotica/DOA/install/action_doa/share/action_doa/cmake/action_doaConfig-version.cmake
[14.820s] -- Up-to-date: /home/eragond/Documents/Robotica/DOA/install/action_doa/share/action_doa/package.xml
[14.832s] Invoked command in '/home/eragond/Documents/Robotica/DOA/build/action_doa' returned '0': CMAKE_PREFIX_PATH=${CMAKE_PREFIX_PATH}:/home/eragond/Documents/Robotica/DOA/install/doa:/home/eragond/Documents/Robotica/DOAActionService/install/doa:/home/eragond/Documents/Robotica/DOAActionService/install/DOA:/opt/ros/foxy /usr/bin/cmake --install /home/eragond/Documents/Robotica/DOA/build/action_doa
